0 verbose cli /opt/homebrew/Cellar/node/25.4.0/bin/node /opt/homebrew/bin/npm
1 info using npm@11.7.0
2 info using node@v25.4.0
3 silly config load:file:/opt/homebrew/lib/node_modules/npm/npmrc
4 silly config load:file:/Users/arnavgarg/Desktop/Projects/QR/qr-customizer/.npmrc
5 silly config load:file:/Users/arnavgarg/.npmrc
6 silly config load:file:/opt/homebrew/etc/npmrc
7 verbose title npm install qr-code-styling react-color
8 verbose argv "--cache" "../npm-cache" "install" "qr-code-styling" "react-color"
9 verbose logfile logs-max:10 dir:/Users/arnavgarg/Desktop/Projects/QR/npm-cache/_logs/2026-02-17T14_10_28_118Z-
10 verbose logfile /Users/arnavgarg/Desktop/Projects/QR/npm-cache/_logs/2026-02-17T14_10_28_118Z-debug-0.log
11 silly logfile done cleaning log files
12 silly packumentCache heap:4496293888 maxSize:1124073472 maxEntrySize:562036736
13 silly idealTree buildDeps
14 silly fetch manifest qr-code-styling@*
15 silly packumentCache full:https://registry.npmjs.org/qr-code-styling cache-miss
16 http fetch GET 200 https://registry.npmjs.org/qr-code-styling 1843ms (cache miss)
17 silly packumentCache full:https://registry.npmjs.org/qr-code-styling set size:undefined disposed:false
18 silly fetch manifest react-color@*
19 silly packumentCache full:https://registry.npmjs.org/react-color cache-miss
20 http fetch GET 200 https://registry.npmjs.org/react-color 1438ms (cache miss)
21 silly packumentCache full:https://registry.npmjs.org/react-color set size:undefined disposed:false
22 silly fetch manifest react@^19.2.0
23 silly packumentCache full:https://registry.npmjs.org/react cache-miss
24 http cache https://registry.npmjs.org/react 21ms (cache hit)
25 silly packumentCache full:https://registry.npmjs.org/react set size:6488281 disposed:false
26 silly placeDep ROOT qr-code-styling@1.9.2 OK for: qr-customizer@0.0.0 want: *
27 silly placeDep ROOT react-color@2.19.3 OK for: qr-customizer@0.0.0 want: *
28 silly fetch manifest qrcode-generator@^1.4.4
29 silly packumentCache full:https://registry.npmjs.org/qrcode-generator cache-miss
30 silly fetch manifest @icons/material@^0.2.4
31 silly packumentCache full:https://registry.npmjs.org/@icons%2fmaterial cache-miss
32 silly fetch manifest lodash@^4.17.15
33 silly packumentCache full:https://registry.npmjs.org/lodash cache-miss
34 silly fetch manifest lodash-es@^4.17.15
35 silly packumentCache full:https://registry.npmjs.org/lodash-es cache-miss
36 silly fetch manifest material-colors@^1.2.1
37 silly packumentCache full:https://registry.npmjs.org/material-colors cache-miss
38 silly fetch manifest prop-types@^15.5.10
39 silly packumentCache full:https://registry.npmjs.org/prop-types cache-miss
40 silly fetch manifest reactcss@^1.2.0
41 silly packumentCache full:https://registry.npmjs.org/reactcss cache-miss
42 silly fetch manifest tinycolor2@^1.4.1
43 silly packumentCache full:https://registry.npmjs.org/tinycolor2 cache-miss
44 http fetch GET 200 https://registry.npmjs.org/qrcode-generator 158ms (cache miss)
45 silly packumentCache full:https://registry.npmjs.org/qrcode-generator set size:undefined disposed:false
46 http fetch GET 200 https://registry.npmjs.org/material-colors 572ms (cache miss)
47 silly packumentCache full:https://registry.npmjs.org/material-colors set size:undefined disposed:false
48 http fetch GET 200 https://registry.npmjs.org/tinycolor2 577ms (cache miss)
49 silly packumentCache full:https://registry.npmjs.org/tinycolor2 set size:undefined disposed:false
50 http fetch GET 200 https://registry.npmjs.org/reactcss 612ms (cache miss)
51 silly packumentCache full:https://registry.npmjs.org/reactcss set size:undefined disposed:false
52 http fetch GET 200 https://registry.npmjs.org/@icons%2fmaterial 649ms (cache miss)
53 silly packumentCache full:https://registry.npmjs.org/@icons%2fmaterial set size:undefined disposed:false
54 http fetch GET 200 https://registry.npmjs.org/lodash-es 667ms (cache miss)
55 silly packumentCache full:https://registry.npmjs.org/lodash-es set size:undefined disposed:false
56 http fetch GET 200 https://registry.npmjs.org/prop-types 668ms (cache miss)
57 silly packumentCache full:https://registry.npmjs.org/prop-types set size:undefined disposed:false
58 http fetch GET 200 https://registry.npmjs.org/lodash 728ms (cache miss)
59 silly packumentCache full:https://registry.npmjs.org/lodash set size:undefined disposed:false
60 silly placeDep ROOT qrcode-generator@1.5.2 OK for: qr-code-styling@1.9.2 want: ^1.4.4
61 silly fetch manifest react@*
62 silly packumentCache full:https://registry.npmjs.org/react cache-miss
63 http cache https://registry.npmjs.org/react 14ms (cache hit)
64 silly packumentCache full:https://registry.npmjs.org/react set size:6488281 disposed:false
65 silly placeDep ROOT @icons/material@0.2.4 OK for: react-color@2.19.3 want: ^0.2.4
66 silly placeDep ROOT lodash@4.17.23 OK for: react-color@2.19.3 want: ^4.17.15
67 silly placeDep ROOT lodash-es@4.17.23 OK for: react-color@2.19.3 want: ^4.17.15
68 silly placeDep ROOT material-colors@1.2.6 OK for: react-color@2.19.3 want: ^1.2.1
69 silly placeDep ROOT prop-types@15.8.1 OK for: react-color@2.19.3 want: ^15.5.10
70 silly placeDep ROOT reactcss@1.2.3 OK for: react-color@2.19.3 want: ^1.2.0
71 silly placeDep ROOT tinycolor2@1.6.0 OK for: react-color@2.19.3 want: ^1.4.1
72 silly fetch manifest loose-envify@^1.4.0
73 silly packumentCache full:https://registry.npmjs.org/loose-envify cache-miss
74 silly fetch manifest react-is@^16.13.1
75 silly packumentCache full:https://registry.npmjs.org/react-is cache-miss
76 http fetch GET 200 https://registry.npmjs.org/loose-envify 178ms (cache miss)
77 silly packumentCache full:https://registry.npmjs.org/loose-envify set size:undefined disposed:false
78 http fetch GET 200 https://registry.npmjs.org/react-is 2153ms (cache miss)
79 silly packumentCache full:https://registry.npmjs.org/react-is set size:undefined disposed:false
80 silly placeDep ROOT loose-envify@1.4.0 OK for: prop-types@15.8.1 want: ^1.4.0
81 silly placeDep ROOT react-is@16.13.1 OK for: prop-types@15.8.1 want: ^16.13.1
82 silly reify moves {}
83 silly audit bulk request {
83 silly audit   '@alloc/quick-lru': [ '5.2.0' ],
83 silly audit   '@babel/code-frame': [ '7.29.0' ],
83 silly audit   '@babel/compat-data': [ '7.29.0' ],
83 silly audit   '@babel/core': [ '7.29.0' ],
83 silly audit   '@babel/generator': [ '7.29.1' ],
83 silly audit   '@babel/helper-compilation-targets': [ '7.28.6' ],
83 silly audit   '@babel/helper-globals': [ '7.28.0' ],
83 silly audit   '@babel/helper-module-imports': [ '7.28.6' ],
83 silly audit   '@babel/helper-module-transforms': [ '7.28.6' ],
83 silly audit   '@babel/helper-plugin-utils': [ '7.28.6' ],
83 silly audit   '@babel/helper-string-parser': [ '7.27.1' ],
83 silly audit   '@babel/helper-validator-identifier': [ '7.28.5' ],
83 silly audit   '@babel/helper-validator-option': [ '7.27.1' ],
83 silly audit   '@babel/helpers': [ '7.28.6' ],
83 silly audit   '@babel/parser': [ '7.29.0' ],
83 silly audit   '@babel/plugin-transform-react-jsx-self': [ '7.27.1' ],
83 silly audit   '@babel/plugin-transform-react-jsx-source': [ '7.27.1' ],
83 silly audit   '@babel/template': [ '7.28.6' ],
83 silly audit   '@babel/traverse': [ '7.29.0' ],
83 silly audit   '@babel/types': [ '7.29.0' ],
83 silly audit   '@esbuild/aix-ppc64': [ '0.27.3' ],
83 silly audit   '@esbuild/android-arm': [ '0.27.3' ],
83 silly audit   '@esbuild/android-arm64': [ '0.27.3' ],
83 silly audit   '@esbuild/android-x64': [ '0.27.3' ],
83 silly audit   '@esbuild/darwin-arm64': [ '0.27.3' ],
83 silly audit   '@esbuild/darwin-x64': [ '0.27.3' ],
83 silly audit   '@esbuild/freebsd-arm64': [ '0.27.3' ],
83 silly audit   '@esbuild/freebsd-x64': [ '0.27.3' ],
83 silly audit   '@esbuild/linux-arm': [ '0.27.3' ],
83 silly audit   '@esbuild/linux-arm64': [ '0.27.3' ],
83 silly audit   '@esbuild/linux-ia32': [ '0.27.3' ],
83 silly audit   '@esbuild/linux-loong64': [ '0.27.3' ],
83 silly audit   '@esbuild/linux-mips64el': [ '0.27.3' ],
83 silly audit   '@esbuild/linux-ppc64': [ '0.27.3' ],
83 silly audit   '@esbuild/linux-riscv64': [ '0.27.3' ],
83 silly audit   '@esbuild/linux-s390x': [ '0.27.3' ],
83 silly audit   '@esbuild/linux-x64': [ '0.27.3' ],
83 silly audit   '@esbuild/netbsd-arm64': [ '0.27.3' ],
83 silly audit   '@esbuild/netbsd-x64': [ '0.27.3' ],
83 silly audit   '@esbuild/openbsd-arm64': [ '0.27.3' ],
83 silly audit   '@esbuild/openbsd-x64': [ '0.27.3' ],
83 silly audit   '@esbuild/openharmony-arm64': [ '0.27.3' ],
83 silly audit   '@esbuild/sunos-x64': [ '0.27.3' ],
83 silly audit   '@esbuild/win32-arm64': [ '0.27.3' ],
83 silly audit   '@esbuild/win32-ia32': [ '0.27.3' ],
83 silly audit   '@esbuild/win32-x64': [ '0.27.3' ],
83 silly audit   '@eslint-community/eslint-utils': [ '4.9.1' ],
83 silly audit   'eslint-visitor-keys': [ '3.4.3', '4.2.1' ],
83 silly audit   '@eslint-community/regexpp': [ '4.12.2' ],
83 silly audit   '@eslint/config-array': [ '0.21.1' ],
83 silly audit   '@eslint/config-helpers': [ '0.4.2' ],
83 silly audit   '@eslint/core': [ '0.17.0' ],
83 silly audit   '@eslint/eslintrc': [ '3.3.3' ],
83 silly audit   globals: [ '14.0.0', '16.5.0' ],
83 silly audit   '@eslint/js': [ '9.39.2' ],
83 silly audit   '@eslint/object-schema': [ '2.1.7' ],
83 silly audit   '@eslint/plugin-kit': [ '0.4.1' ],
83 silly audit   '@humanfs/core': [ '0.19.1' ],
83 silly audit   '@humanfs/node': [ '0.16.7' ],
83 silly audit   '@humanwhocodes/module-importer': [ '1.0.1' ],
83 silly audit   '@humanwhocodes/retry': [ '0.4.3' ],
83 silly audit   '@jridgewell/gen-mapping': [ '0.3.13' ],
83 silly audit   '@jridgewell/remapping': [ '2.3.5' ],
83 silly audit   '@jridgewell/resolve-uri': [ '3.1.2' ],
83 silly audit   '@jridgewell/sourcemap-codec': [ '1.5.5' ],
83 silly audit   '@jridgewell/trace-mapping': [ '0.3.31' ],
83 silly audit   '@nodelib/fs.scandir': [ '2.1.5' ],
83 silly audit   '@nodelib/fs.stat': [ '2.0.5' ],
83 silly audit   '@nodelib/fs.walk': [ '1.2.8' ],
83 silly audit   '@rolldown/pluginutils': [ '1.0.0-rc.3' ],
83 silly audit   '@rollup/rollup-android-arm-eabi': [ '4.57.1' ],
83 silly audit   '@rollup/rollup-android-arm64': [ '4.57.1' ],
83 silly audit   '@rollup/rollup-darwin-arm64': [ '4.57.1' ],
83 silly audit   '@rollup/rollup-darwin-x64': [ '4.57.1' ],
83 silly audit   '@rollup/rollup-freebsd-arm64': [ '4.57.1' ],
83 silly audit   '@rollup/rollup-freebsd-x64': [ '4.57.1' ],
83 silly audit   '@rollup/rollup-linux-arm-gnueabihf': [ '4.57.1' ],
83 silly audit   '@rollup/rollup-linux-arm-musleabihf': [ '4.57.1' ],
83 silly audit   '@rollup/rollup-linux-arm64-gnu': [ '4.57.1' ],
83 silly audit   '@rollup/rollup-linux-arm64-musl': [ '4.57.1' ],
83 silly audit   '@rollup/rollup-linux-loong64-gnu': [ '4.57.1' ],
83 silly audit   '@rollup/rollup-linux-loong64-musl': [ '4.57.1' ],
83 silly audit   '@rollup/rollup-linux-ppc64-gnu': [ '4.57.1' ],
83 silly audit   '@rollup/rollup-linux-ppc64-musl': [ '4.57.1' ],
83 silly audit   '@rollup/rollup-linux-riscv64-gnu': [ '4.57.1' ],
83 silly audit   '@rollup/rollup-linux-riscv64-musl': [ '4.57.1' ],
83 silly audit   '@rollup/rollup-linux-s390x-gnu': [ '4.57.1' ],
83 silly audit   '@rollup/rollup-linux-x64-gnu': [ '4.57.1' ],
83 silly audit   '@rollup/rollup-linux-x64-musl': [ '4.57.1' ],
83 silly audit   '@rollup/rollup-openbsd-x64': [ '4.57.1' ],
83 silly audit   '@rollup/rollup-openharmony-arm64': [ '4.57.1' ],
83 silly audit   '@rollup/rollup-win32-arm64-msvc': [ '4.57.1' ],
83 silly audit   '@rollup/rollup-win32-ia32-msvc': [ '4.57.1' ],
83 silly audit   '@rollup/rollup-win32-x64-gnu': [ '4.57.1' ],
83 silly audit   '@rollup/rollup-win32-x64-msvc': [ '4.57.1' ],
83 silly audit   '@types/babel__core': [ '7.20.5' ],
83 silly audit   '@types/babel__generator': [ '7.27.0' ],
83 silly audit   '@types/babel__template': [ '7.4.4' ],
83 silly audit   '@types/babel__traverse': [ '7.28.0' ],
83 silly audit   '@types/estree': [ '1.0.8' ],
83 silly audit   '@types/json-schema': [ '7.0.15' ],
83 silly audit   '@types/react': [ '19.2.14' ],
83 silly audit   '@types/react-dom': [ '19.2.3' ],
83 silly audit   '@vitejs/plugin-react': [ '5.1.4' ],
83 silly audit   acorn: [ '8.15.0' ],
83 silly audit   'acorn-jsx': [ '5.3.2' ],
83 silly audit   ajv: [ '6.12.6' ],
83 silly audit   'ansi-styles': [ '4.3.0' ],
83 silly audit   'any-promise': [ '1.3.0' ],
83 silly audit   anymatch: [ '3.1.3' ],
83 silly audit   picomatch: [ '2.3.1', '4.0.3' ],
83 silly audit   arg: [ '5.0.2' ],
83 silly audit   argparse: [ '2.0.1' ],
83 silly audit   autoprefixer: [ '10.4.24' ],
83 silly audit   'balanced-match': [ '1.0.2' ],
83 silly audit   'baseline-browser-mapping': [ '2.9.19' ],
83 silly audit   'binary-extensions': [ '2.3.0' ],
83 silly audit   'brace-expansion': [ '1.1.12' ],
83 silly audit   braces: [ '3.0.3' ],
83 silly audit   browserslist: [ '4.28.1' ],
83 silly audit   callsites: [ '3.1.0' ],
83 silly audit   'camelcase-css': [ '2.0.1' ],
83 silly audit   'caniuse-lite': [ '1.0.30001770' ],
83 silly audit   chalk: [ '4.1.2' ],
83 silly audit   chokidar: [ '3.6.0' ],
83 silly audit   'glob-parent': [ '5.1.2', '6.0.2' ],
83 silly audit   'color-convert': [ '2.0.1' ],
83 silly audit   'color-name': [ '1.1.4' ],
83 silly audit   commander: [ '4.1.1' ],
83 silly audit   'concat-map': [ '0.0.1' ],
83 silly audit   'convert-source-map': [ '2.0.0' ],
83 silly audit   'cross-spawn': [ '7.0.6' ],
83 silly audit   cssesc: [ '3.0.0' ],
83 silly audit   csstype: [ '3.2.3' ],
83 silly audit   debug: [ '4.4.3' ],
83 silly audit   'deep-is': [ '0.1.4' ],
83 silly audit   didyoumean: [ '1.2.2' ],
83 silly audit   dlv: [ '1.1.3' ],
83 silly audit   'electron-to-chromium': [ '1.5.286' ],
83 silly audit   esbuild: [ '0.27.3' ],
83 silly audit   escalade: [ '3.2.0' ],
83 silly audit   'escape-string-regexp': [ '4.0.0' ],
83 silly audit   eslint: [ '9.39.2' ],
83 silly audit   'eslint-plugin-react-hooks': [ '7.0.1' ],
83 silly audit   'eslint-plugin-react-refresh': [ '0.4.26' ],
83 silly audit   'eslint-scope': [ '8.4.0' ],
83 silly audit   espree: [ '10.4.0' ],
83 silly audit   esquery: [ '1.7.0' ],
83 silly audit   esrecurse: [ '4.3.0' ],
83 silly audit   estraverse: [ '5.3.0' ],
83 silly audit   esutils: [ '2.0.3' ],
83 silly audit   'fast-deep-equal': [ '3.1.3' ],
83 silly audit   'fast-glob': [ '3.3.3' ],
83 silly audit   'fast-json-stable-stringify': [ '2.1.0' ],
83 silly audit   'fast-levenshtein': [ '2.0.6' ],
83 silly audit   fastq: [ '1.20.1' ],
83 silly audit   fdir: [ '6.5.0' ],
83 silly audit   'file-entry-cache': [ '8.0.0' ],
83 silly audit   'fill-range': [ '7.1.1' ],
83 silly audit   'find-up': [ '5.0.0' ],
83 silly audit   'flat-cache': [ '4.0.1' ],
83 silly audit   flatted: [ '3.3.3' ],
83 silly audit   'fraction.js': [ '5.3.4' ],
83 silly audit   fsevents: [ '2.3.3' ],
83 silly audit   'function-bind': [ '1.1.2' ],
83 silly audit   gensync: [ '1.0.0-beta.2' ],
83 silly audit   'has-flag': [ '4.0.0' ],
83 silly audit   hasown: [ '2.0.2' ],
83 silly audit   'hermes-estree': [ '0.25.1' ],
83 silly audit   'hermes-parser': [ '0.25.1' ],
83 silly audit   ignore: [ '5.3.2' ],
83 silly audit   'import-fresh': [ '3.3.1' ],
83 silly audit   imurmurhash: [ '0.1.4' ],
83 silly audit   'is-binary-path': [ '2.1.0' ],
83 silly audit   'is-core-module': [ '2.16.1' ],
83 silly audit   'is-extglob': [ '2.1.1' ],
83 silly audit   'is-glob': [ '4.0.3' ],
83 silly audit   'is-number': [ '7.0.0' ],
83 silly audit   isexe: [ '2.0.0' ],
83 silly audit   jiti: [ '1.21.7' ],
83 silly audit   'js-tokens': [ '4.0.0' ],
83 silly audit   'js-yaml': [ '4.1.1' ],
83 silly audit   jsesc: [ '3.1.0' ],
83 silly audit   'json-buffer': [ '3.0.1' ],
83 silly audit   'json-schema-traverse': [ '0.4.1' ],
83 silly audit   'json-stable-stringify-without-jsonify': [ '1.0.1' ],
83 silly audit   json5: [ '2.2.3' ],
83 silly audit   keyv: [ '4.5.4' ],
83 silly audit   levn: [ '0.4.1' ],
83 silly audit   lilconfig: [ '3.1.3' ],
83 silly audit   'lines-and-columns': [ '1.2.4' ],
83 silly audit   'locate-path': [ '6.0.0' ],
83 silly audit   'lodash.merge': [ '4.6.2' ],
83 silly audit   'lru-cache': [ '5.1.1' ],
83 silly audit   merge2: [ '1.4.1' ],
83 silly audit   micromatch: [ '4.0.8' ],
83 silly audit   minimatch: [ '3.1.2' ],
83 silly audit   ms: [ '2.1.3' ],
83 silly audit   mz: [ '2.7.0' ],
83 silly audit   nanoid: [ '3.3.11' ],
83 silly audit   'natural-compare': [ '1.4.0' ],
83 silly audit   'node-releases': [ '2.0.27' ],
83 silly audit   'normalize-path': [ '3.0.0' ],
83 silly audit   'object-assign': [ '4.1.1' ],
83 silly audit   'object-hash': [ '3.0.0' ],
83 silly audit   optionator: [ '0.9.4' ],
83 silly audit   'p-limit': [ '3.1.0' ],
83 silly audit   'p-locate': [ '5.0.0' ],
83 silly audit   'parent-module': [ '1.0.1' ],
83 silly audit   'path-exists': [ '4.0.0' ],
83 silly audit   'path-key': [ '3.1.1' ],
83 silly audit   'path-parse': [ '1.0.7' ],
83 silly audit   picocolors: [ '1.1.1' ],
83 silly audit   pify: [ '2.3.0' ],
83 silly audit   pirates: [ '4.0.7' ],
83 silly audit   postcss: [ '8.5.6' ],
83 silly audit   'postcss-import': [ '15.1.0' ],
83 silly audit   'postcss-js': [ '4.1.0' ],
83 silly audit   'postcss-load-config': [ '6.0.1' ],
83 silly audit   'postcss-nested': [ '6.2.0' ],
83 silly audit   'postcss-selector-parser': [ '6.1.2' ],
83 silly audit   'postcss-value-parser': [ '4.2.0' ],
83 silly audit   'prelude-ls': [ '1.2.1' ],
83 silly audit   punycode: [ '2.3.1' ],
83 silly audit   'queue-microtask': [ '1.2.3' ],
83 silly audit   react: [ '19.2.4' ],
83 silly audit   'react-dom': [ '19.2.4' ],
83 silly audit   'react-refresh': [ '0.18.0' ],
83 silly audit   'read-cache': [ '1.0.0' ],
83 silly audit   readdirp: [ '3.6.0' ],
83 silly audit   resolve: [ '1.22.11' ],
83 silly audit   'resolve-from': [ '4.0.0' ],
83 silly audit   reusify: [ '1.1.0' ],
83 silly audit   rollup: [ '4.57.1' ],
83 silly audit   'run-parallel': [ '1.2.0' ],
83 silly audit   scheduler: [ '0.27.0' ],
83 silly audit   semver: [ '6.3.1' ],
83 silly audit   'shebang-command': [ '2.0.0' ],
83 silly audit   'shebang-regex': [ '3.0.0' ],
83 silly audit   'source-map-js': [ '1.2.1' ],
83 silly audit   'strip-json-comments': [ '3.1.1' ],
83 silly audit   sucrase: [ '3.35.1' ],
83 silly audit   'supports-color': [ '7.2.0' ],
83 silly audit   'supports-preserve-symlinks-flag': [ '1.0.0' ],
83 silly audit   tailwindcss: [ '3.4.19' ],
83 silly audit   thenify: [ '3.3.1' ],
83 silly audit   'thenify-all': [ '1.6.0' ],
83 silly audit   tinyglobby: [ '0.2.15' ],
83 silly audit   'to-regex-range': [ '5.0.1' ],
83 silly audit   'ts-interface-checker': [ '0.1.13' ],
83 silly audit   'type-check': [ '0.4.0' ],
83 silly audit   'update-browserslist-db': [ '1.2.3' ],
83 silly audit   'uri-js': [ '4.4.1' ],
83 silly audit   'util-deprecate': [ '1.0.2' ],
83 silly audit   vite: [ '7.3.1' ],
83 silly audit   which: [ '2.0.2' ],
83 silly audit   'word-wrap': [ '1.2.5' ],
83 silly audit   yallist: [ '3.1.1' ],
83 silly audit   'yocto-queue': [ '0.1.0' ],
83 silly audit   zod: [ '4.3.6' ],
83 silly audit   'zod-validation-error': [ '4.0.2' ],
83 silly audit   'qr-code-styling': [ '1.9.2' ],
83 silly audit   'react-color': [ '2.19.3' ],
83 silly audit   'qrcode-generator': [ '1.5.2' ],
83 silly audit   '@icons/material': [ '0.2.4' ],
83 silly audit   lodash: [ '4.17.23' ],
83 silly audit   'lodash-es': [ '4.17.23' ],
83 silly audit   'material-colors': [ '1.2.6' ],
83 silly audit   'prop-types': [ '15.8.1' ],
83 silly audit   reactcss: [ '1.2.3' ],
83 silly audit   tinycolor2: [ '1.6.0' ],
83 silly audit   'loose-envify': [ '1.4.0' ],
83 silly audit   'react-is': [ '16.13.1' ]
83 silly audit }
84 http cache react-is@https://registry.npmjs.org/react-is/-/react-is-16.13.1.tgz 0ms (cache hit)
85 http cache tinycolor2@https://registry.npmjs.org/tinycolor2/-/tinycolor2-1.6.0.tgz 0ms (cache hit)
86 http cache reactcss@https://registry.npmjs.org/reactcss/-/reactcss-1.2.3.tgz 0ms (cache hit)
87 http cache loose-envify@https://registry.npmjs.org/loose-envify/-/loose-envify-1.4.0.tgz 0ms (cache hit)
88 http cache prop-types@https://registry.npmjs.org/prop-types/-/prop-types-15.8.1.tgz 0ms (cache hit)
89 http cache material-colors@https://registry.npmjs.org/material-colors/-/material-colors-1.2.6.tgz 0ms (cache hit)
90 http cache lodash-es@https://registry.npmjs.org/lodash-es/-/lodash-es-4.17.23.tgz 0ms (cache hit)
91 http cache @icons/material@https://registry.npmjs.org/@icons/material/-/material-0.2.4.tgz 0ms (cache hit)
92 http cache react-color@https://registry.npmjs.org/react-color/-/react-color-2.19.3.tgz 0ms (cache hit)
93 http cache qr-code-styling@https://registry.npmjs.org/qr-code-styling/-/qr-code-styling-1.9.2.tgz 0ms (cache hit)
94 http cache qrcode-generator@https://registry.npmjs.org/qrcode-generator/-/qrcode-generator-1.5.2.tgz 0ms (cache hit)
95 http cache lodash@https://registry.npmjs.org/lodash/-/lodash-4.17.23.tgz 0ms (cache hit)
96 silly tarball no local data for react-is@https://registry.npmjs.org/react-is/-/react-is-16.13.1.tgz. Extracting by manifest.
97 silly tarball no local data for tinycolor2@https://registry.npmjs.org/tinycolor2/-/tinycolor2-1.6.0.tgz. Extracting by manifest.
98 silly tarball no local data for reactcss@https://registry.npmjs.org/reactcss/-/reactcss-1.2.3.tgz. Extracting by manifest.
99 silly tarball no local data for loose-envify@https://registry.npmjs.org/loose-envify/-/loose-envify-1.4.0.tgz. Extracting by manifest.
100 silly tarball no local data for prop-types@https://registry.npmjs.org/prop-types/-/prop-types-15.8.1.tgz. Extracting by manifest.
101 silly tarball no local data for material-colors@https://registry.npmjs.org/material-colors/-/material-colors-1.2.6.tgz. Extracting by manifest.
102 silly tarball no local data for lodash-es@https://registry.npmjs.org/lodash-es/-/lodash-es-4.17.23.tgz. Extracting by manifest.
103 silly tarball no local data for @icons/material@https://registry.npmjs.org/@icons/material/-/material-0.2.4.tgz. Extracting by manifest.
104 silly tarball no local data for react-color@https://registry.npmjs.org/react-color/-/react-color-2.19.3.tgz. Extracting by manifest.
105 silly tarball no local data for qr-code-styling@https://registry.npmjs.org/qr-code-styling/-/qr-code-styling-1.9.2.tgz. Extracting by manifest.
106 silly tarball no local data for qrcode-generator@https://registry.npmjs.org/qrcode-generator/-/qrcode-generator-1.5.2.tgz. Extracting by manifest.
107 silly tarball no local data for lodash@https://registry.npmjs.org/lodash/-/lodash-4.17.23.tgz. Extracting by manifest.
108 http fetch GET 200 https://registry.npmjs.org/react-is/-/react-is-16.13.1.tgz 341ms (cache miss)
109 http fetch GET 200 https://registry.npmjs.org/loose-envify/-/loose-envify-1.4.0.tgz 341ms (cache miss)
110 http fetch GET 200 https://registry.npmjs.org/reactcss/-/reactcss-1.2.3.tgz 356ms (cache miss)
111 http fetch GET 200 https://registry.npmjs.org/prop-types/-/prop-types-15.8.1.tgz 371ms (cache miss)
112 http fetch GET 200 https://registry.npmjs.org/material-colors/-/material-colors-1.2.6.tgz 373ms (cache miss)
113 http fetch GET 200 https://registry.npmjs.org/lodash-es/-/lodash-es-4.17.23.tgz 396ms (cache miss)
114 http fetch GET 200 https://registry.npmjs.org/tinycolor2/-/tinycolor2-1.6.0.tgz 487ms (cache miss)
115 http fetch POST 200 https://registry.npmjs.org/-/npm/v1/security/advisories/bulk 647ms
116 silly audit report {}
117 http fetch GET 200 https://registry.npmjs.org/react-color/-/react-color-2.19.3.tgz 727ms (cache miss)
118 http fetch GET 200 https://registry.npmjs.org/qrcode-generator/-/qrcode-generator-1.5.2.tgz 771ms (cache miss)
119 http fetch GET 200 https://registry.npmjs.org/qr-code-styling/-/qr-code-styling-1.9.2.tgz 789ms (cache miss)
120 http fetch GET 200 https://registry.npmjs.org/lodash/-/lodash-4.17.23.tgz 897ms (cache miss)
121 http fetch GET 200 https://registry.npmjs.org/@icons/material/-/material-0.2.4.tgz 2392ms (cache miss)
122 silly ADD node_modules/react-is
123 silly ADD node_modules/loose-envify
124 silly ADD node_modules/tinycolor2
125 silly ADD node_modules/reactcss
126 silly ADD node_modules/prop-types
127 silly ADD node_modules/material-colors
128 silly ADD node_modules/lodash-es
129 silly ADD node_modules/lodash
130 silly ADD node_modules/@icons/material
131 silly ADD node_modules/qrcode-generator
132 silly ADD node_modules/react-color
133 silly ADD node_modules/qr-code-styling
134 verbose cwd /Users/arnavgarg/Desktop/Projects/QR/qr-customizer
135 verbose os Darwin 25.0.0
136 verbose node v25.4.0
137 verbose npm  v11.7.0
138 verbose exit 0
139 info ok
