0 verbose cli /opt/homebrew/Cellar/node/25.4.0/bin/node /opt/homebrew/bin/npm
1 info using npm@11.7.0
2 info using node@v25.4.0
3 silly config load:file:/opt/homebrew/lib/node_modules/npm/npmrc
4 silly config load:file:/Users/arnavgarg/Desktop/Projects/QR/qr-customizer/.npmrc
5 silly config load:file:/Users/arnavgarg/.npmrc
6 silly config load:file:/opt/homebrew/etc/npmrc
7 verbose title npm install tailwindcss@3 postcss autoprefixer
8 verbose argv "--cache" "../npm-cache" "install" "--save-dev" "tailwindcss@3" "postcss" "autoprefixer"
9 verbose logfile logs-max:10 dir:/Users/arnavgarg/Desktop/Projects/QR/npm-cache/_logs/2026-02-17T14_10_07_595Z-
10 verbose logfile /Users/arnavgarg/Desktop/Projects/QR/npm-cache/_logs/2026-02-17T14_10_07_595Z-debug-0.log
11 silly logfile done cleaning log files
12 silly packumentCache heap:4496293888 maxSize:1124073472 maxEntrySize:562036736
13 silly idealTree buildDeps
14 silly fetch manifest autoprefixer@^10.4.24
15 silly packumentCache full:https://registry.npmjs.org/autoprefixer cache-miss
16 http cache https://registry.npmjs.org/autoprefixer 13ms (cache hit)
17 silly packumentCache full:https://registry.npmjs.org/autoprefixer set size:1273128 disposed:false
18 silly fetch manifest postcss@^8.5.6
19 silly packumentCache full:https://registry.npmjs.org/postcss cache-miss
20 http cache https://registry.npmjs.org/postcss 2ms (cache hit)
21 silly packumentCache full:https://registry.npmjs.org/postcss set size:696248 disposed:false
22 silly fetch manifest tailwindcss@3
23 silly packumentCache full:https://registry.npmjs.org/tailwindcss cache-miss
24 http cache https://registry.npmjs.org/tailwindcss 8ms (cache hit)
25 silly packumentCache full:https://registry.npmjs.org/tailwindcss set size:10167553 disposed:false
26 silly placeDep ROOT autoprefixer@10.4.24 REPLACE for: qr-customizer@0.0.0 want: ^10.4.24
27 silly placeDep ROOT postcss@8.5.6 REPLACE for: qr-customizer@0.0.0 want: ^8.5.6
28 silly placeDep ROOT tailwindcss@3.4.19 REPLACE for: qr-customizer@0.0.0 want: 3
29 silly fetch manifest arg@^5.0.2
30 silly packumentCache full:https://registry.npmjs.org/arg cache-miss
31 silly fetch manifest dlv@^1.1.3
32 silly packumentCache full:https://registry.npmjs.org/dlv cache-miss
33 silly fetch manifest jiti@^1.21.7
34 silly packumentCache full:https://registry.npmjs.org/jiti cache-miss
35 silly fetch manifest resolve@^1.22.8
36 silly packumentCache full:https://registry.npmjs.org/resolve cache-miss
37 silly fetch manifest sucrase@^3.35.0
38 silly packumentCache full:https://registry.npmjs.org/sucrase cache-miss
39 silly fetch manifest chokidar@^3.6.0
40 silly packumentCache full:https://registry.npmjs.org/chokidar cache-miss
41 silly fetch manifest fast-glob@^3.3.2
42 silly packumentCache full:https://registry.npmjs.org/fast-glob cache-miss
43 silly fetch manifest lilconfig@^3.1.3
44 silly packumentCache full:https://registry.npmjs.org/lilconfig cache-miss
45 silly fetch manifest didyoumean@^1.2.2
46 silly packumentCache full:https://registry.npmjs.org/didyoumean cache-miss
47 http cache https://registry.npmjs.org/jiti 19ms (cache hit)
48 silly packumentCache full:https://registry.npmjs.org/jiti set size:382310 disposed:false
49 silly fetch manifest micromatch@^4.0.8
50 silly packumentCache full:https://registry.npmjs.org/micromatch cache-miss
51 http fetch GET 200 https://registry.npmjs.org/dlv 1541ms (cache miss)
52 silly packumentCache full:https://registry.npmjs.org/dlv set size:undefined disposed:false
53 silly fetch manifest postcss-js@^4.0.1
54 silly packumentCache full:https://registry.npmjs.org/postcss-js cache-miss
55 http fetch GET 200 https://registry.npmjs.org/micromatch 1962ms (cache miss)
56 silly packumentCache full:https://registry.npmjs.org/micromatch set size:undefined disposed:false
57 silly fetch manifest object-hash@^3.0.0
58 silly packumentCache full:https://registry.npmjs.org/object-hash cache-miss
59 http fetch GET 200 https://registry.npmjs.org/postcss-js 448ms (cache miss)
60 silly packumentCache full:https://registry.npmjs.org/postcss-js set size:undefined disposed:false
61 silly fetch manifest normalize-path@^3.0.0
62 silly packumentCache full:https://registry.npmjs.org/normalize-path cache-miss
63 http fetch GET 200 https://registry.npmjs.org/resolve 2282ms (cache miss)
64 silly packumentCache full:https://registry.npmjs.org/resolve set size:undefined disposed:false
65 silly fetch manifest postcss-import@^15.1.0
66 silly packumentCache full:https://registry.npmjs.org/postcss-import cache-miss
67 http fetch GET 200 https://registry.npmjs.org/didyoumean 2404ms (cache miss)
68 silly packumentCache full:https://registry.npmjs.org/didyoumean set size:undefined disposed:false
69 silly fetch manifest postcss-nested@^6.2.0
70 silly packumentCache full:https://registry.npmjs.org/postcss-nested cache-miss
71 http fetch GET 200 https://registry.npmjs.org/arg 2451ms (cache miss)
72 silly packumentCache full:https://registry.npmjs.org/arg set size:undefined disposed:false
73 silly fetch manifest @alloc/quick-lru@^5.2.0
74 silly packumentCache full:https://registry.npmjs.org/@alloc%2fquick-lru cache-miss
75 http fetch GET 200 https://registry.npmjs.org/normalize-path 472ms (cache miss)
76 silly packumentCache full:https://registry.npmjs.org/normalize-path set size:undefined disposed:false
77 silly fetch manifest postcss-load-config@^4.0.2 || ^5.0 || ^6.0
78 silly packumentCache full:https://registry.npmjs.org/postcss-load-config cache-miss
79 http fetch GET 200 https://registry.npmjs.org/postcss-import 575ms (cache miss)
80 silly packumentCache full:https://registry.npmjs.org/postcss-import set size:undefined disposed:false
81 silly fetch manifest postcss-selector-parser@^6.1.2
82 silly packumentCache full:https://registry.npmjs.org/postcss-selector-parser cache-miss
83 http fetch GET 200 https://registry.npmjs.org/@alloc%2fquick-lru 457ms (cache miss)
84 silly packumentCache full:https://registry.npmjs.org/@alloc%2fquick-lru set size:undefined disposed:false
85 http fetch GET 200 https://registry.npmjs.org/object-hash 1378ms (cache miss)
86 silly packumentCache full:https://registry.npmjs.org/object-hash set size:undefined disposed:false
87 http fetch GET 200 https://registry.npmjs.org/postcss-load-config 904ms (cache miss)
88 silly packumentCache full:https://registry.npmjs.org/postcss-load-config set size:undefined disposed:false
89 http fetch GET 200 https://registry.npmjs.org/fast-glob 5389ms (cache miss)
90 silly packumentCache full:https://registry.npmjs.org/fast-glob set size:undefined disposed:false
91 http fetch GET 200 https://registry.npmjs.org/postcss-nested 2990ms (cache miss)
92 silly packumentCache full:https://registry.npmjs.org/postcss-nested set size:undefined disposed:false
93 http fetch GET 200 https://registry.npmjs.org/postcss-selector-parser 3088ms (cache miss)
94 silly packumentCache full:https://registry.npmjs.org/postcss-selector-parser set size:undefined disposed:false
95 http fetch GET 200 https://registry.npmjs.org/sucrase 6118ms (cache miss)
96 silly packumentCache full:https://registry.npmjs.org/sucrase set size:undefined disposed:false
97 http fetch GET 200 https://registry.npmjs.org/lilconfig 6424ms (cache miss)
98 silly packumentCache full:https://registry.npmjs.org/lilconfig set size:undefined disposed:false
99 http fetch GET 200 https://registry.npmjs.org/chokidar 6890ms (cache miss)
100 silly packumentCache full:https://registry.npmjs.org/chokidar set size:undefined disposed:false
101 silly fetch manifest postcss@^8.4.47
102 silly packumentCache full:https://registry.npmjs.org/postcss cache-hit
103 silly fetch manifest tsx@^4.8.1
104 silly packumentCache full:https://registry.npmjs.org/tsx cache-miss
105 http cache https://registry.npmjs.org/tsx 2ms (cache hit)
106 silly packumentCache full:https://registry.npmjs.org/tsx set size:289592 disposed:false
107 silly fetch manifest yaml@^2.4.2
108 silly packumentCache full:https://registry.npmjs.org/yaml cache-miss
109 http cache https://registry.npmjs.org/yaml 2ms (cache hit)
110 silly packumentCache full:https://registry.npmjs.org/yaml set size:361552 disposed:false
111 silly placeDep ROOT @alloc/quick-lru@5.2.0 OK for: tailwindcss@3.4.19 want: ^5.2.0
112 silly placeDep ROOT arg@5.0.2 OK for: tailwindcss@3.4.19 want: ^5.0.2
113 silly placeDep ROOT chokidar@3.6.0 OK for: tailwindcss@3.4.19 want: ^3.6.0
114 silly placeDep ROOT didyoumean@1.2.2 OK for: tailwindcss@3.4.19 want: ^1.2.2
115 silly placeDep ROOT dlv@1.1.3 OK for: tailwindcss@3.4.19 want: ^1.1.3
116 silly placeDep ROOT fast-glob@3.3.3 OK for: tailwindcss@3.4.19 want: ^3.3.2
117 silly placeDep ROOT jiti@1.21.7 OK for: tailwindcss@3.4.19 want: ^1.21.7
118 silly placeDep ROOT lilconfig@3.1.3 OK for: tailwindcss@3.4.19 want: ^3.1.3
119 silly placeDep ROOT micromatch@4.0.8 OK for: tailwindcss@3.4.19 want: ^4.0.8
120 silly placeDep ROOT normalize-path@3.0.0 OK for: tailwindcss@3.4.19 want: ^3.0.0
121 silly placeDep ROOT object-hash@3.0.0 OK for: tailwindcss@3.4.19 want: ^3.0.0
122 silly placeDep ROOT postcss-import@15.1.0 OK for: tailwindcss@3.4.19 want: ^15.1.0
123 silly placeDep ROOT postcss-js@4.1.0 OK for: tailwindcss@3.4.19 want: ^4.0.1
124 silly placeDep ROOT postcss-load-config@6.0.1 OK for: tailwindcss@3.4.19 want: ^4.0.2 || ^5.0 || ^6.0
125 silly placeDep ROOT postcss-nested@6.2.0 OK for: tailwindcss@3.4.19 want: ^6.2.0
126 silly placeDep ROOT postcss-selector-parser@6.1.2 OK for: tailwindcss@3.4.19 want: ^6.1.2
127 silly placeDep ROOT resolve@1.22.11 OK for: tailwindcss@3.4.19 want: ^1.22.8
128 silly placeDep ROOT sucrase@3.35.1 OK for: tailwindcss@3.4.19 want: ^3.35.0
129 silly fetch manifest braces@~3.0.2
130 silly packumentCache full:https://registry.npmjs.org/braces cache-miss
131 silly fetch manifest anymatch@~3.1.2
132 silly packumentCache full:https://registry.npmjs.org/anymatch cache-miss
133 silly fetch manifest readdirp@~3.6.0
134 silly packumentCache full:https://registry.npmjs.org/readdirp cache-miss
135 silly fetch manifest glob-parent@~5.1.2
136 silly packumentCache full:https://registry.npmjs.org/glob-parent cache-miss
137 silly fetch manifest is-binary-path@~2.1.0
138 silly packumentCache full:https://registry.npmjs.org/is-binary-path cache-miss
139 silly fetch manifest normalize-path@~3.0.0
140 silly packumentCache full:https://registry.npmjs.org/normalize-path cache-miss
141 silly fetch manifest @nodelib/fs.stat@^2.0.2
142 silly packumentCache full:https://registry.npmjs.org/@nodelib%2ffs.stat cache-miss
143 silly fetch manifest @nodelib/fs.walk@^1.2.3
144 silly packumentCache full:https://registry.npmjs.org/@nodelib%2ffs.walk cache-miss
145 silly fetch manifest glob-parent@^5.1.2
146 silly packumentCache full:https://registry.npmjs.org/glob-parent cache-miss
147 http cache https://registry.npmjs.org/glob-parent 5ms (cache hit)
148 silly packumentCache full:https://registry.npmjs.org/glob-parent set size:42445 disposed:false
149 silly fetch manifest merge2@^1.3.0
150 silly packumentCache full:https://registry.npmjs.org/merge2 cache-miss
151 http cache https://registry.npmjs.org/normalize-path 7ms (cache hit)
152 silly packumentCache full:https://registry.npmjs.org/normalize-path set size:28713 disposed:false
153 silly fetch manifest braces@^3.0.3
154 silly packumentCache full:https://registry.npmjs.org/braces cache-miss
155 http cache https://registry.npmjs.org/glob-parent 10ms (cache hit)
156 silly packumentCache full:https://registry.npmjs.org/glob-parent set size:42445 disposed:false
157 silly packumentCache full:https://registry.npmjs.org/glob-parent dispose
158 silly fetch manifest picomatch@^2.3.1
159 silly packumentCache full:https://registry.npmjs.org/picomatch cache-miss
160 http cache https://registry.npmjs.org/picomatch 4ms (cache hit)
161 silly packumentCache full:https://registry.npmjs.org/picomatch set size:118818 disposed:false
162 silly fetch manifest resolve@^1.1.7
163 silly packumentCache full:https://registry.npmjs.org/resolve cache-miss
164 http cache https://registry.npmjs.org/resolve 1ms (cache hit)
165 silly packumentCache full:https://registry.npmjs.org/resolve set size:238156 disposed:false
166 silly fetch manifest read-cache@^1.0.0
167 silly packumentCache full:https://registry.npmjs.org/read-cache cache-miss
168 http fetch GET 200 https://registry.npmjs.org/is-binary-path 399ms (cache miss)
169 silly packumentCache full:https://registry.npmjs.org/is-binary-path set size:undefined disposed:false
170 silly fetch manifest camelcase-css@^2.0.1
171 silly packumentCache full:https://registry.npmjs.org/camelcase-css cache-miss
172 http fetch GET 200 https://registry.npmjs.org/read-cache 552ms (cache miss)
173 silly packumentCache full:https://registry.npmjs.org/read-cache set size:undefined disposed:false
174 silly fetch manifest postcss-selector-parser@^6.1.1
175 silly packumentCache full:https://registry.npmjs.org/postcss-selector-parser cache-miss
176 http cache https://registry.npmjs.org/postcss-selector-parser 3ms (cache hit)
177 silly packumentCache full:https://registry.npmjs.org/postcss-selector-parser set size:177140 disposed:false
178 silly fetch manifest cssesc@^3.0.0
179 silly packumentCache full:https://registry.npmjs.org/cssesc cache-miss
180 http fetch GET 200 https://registry.npmjs.org/readdirp 774ms (cache miss)
181 silly packumentCache full:https://registry.npmjs.org/readdirp set size:undefined disposed:false
182 silly fetch manifest util-deprecate@^1.0.2
183 silly packumentCache full:https://registry.npmjs.org/util-deprecate cache-miss
184 http fetch GET 200 https://registry.npmjs.org/anymatch 777ms (cache miss)
185 silly packumentCache full:https://registry.npmjs.org/anymatch set size:undefined disposed:false
186 silly fetch manifest path-parse@^1.0.7
187 silly packumentCache full:https://registry.npmjs.org/path-parse cache-miss
188 http fetch GET 200 https://registry.npmjs.org/camelcase-css 488ms (cache miss)
189 silly packumentCache full:https://registry.npmjs.org/camelcase-css set size:undefined disposed:false
190 silly fetch manifest is-core-module@^2.16.1
191 silly packumentCache full:https://registry.npmjs.org/is-core-module cache-miss
192 http fetch GET 200 https://registry.npmjs.org/@nodelib%2ffs.walk 1051ms (cache miss)
193 silly packumentCache full:https://registry.npmjs.org/@nodelib%2ffs.walk set size:undefined disposed:false
194 silly fetch manifest supports-preserve-symlinks-flag@^1.0.0
195 silly packumentCache full:https://registry.npmjs.org/supports-preserve-symlinks-flag cache-miss
196 http fetch GET 200 https://registry.npmjs.org/@nodelib%2ffs.stat 1059ms (cache miss)
197 silly packumentCache full:https://registry.npmjs.org/@nodelib%2ffs.stat set size:undefined disposed:false
198 silly fetch manifest commander@^4.0.0
199 silly packumentCache full:https://registry.npmjs.org/commander cache-miss
200 http fetch GET 200 https://registry.npmjs.org/merge2 1216ms (cache miss)
201 silly packumentCache full:https://registry.npmjs.org/merge2 set size:undefined disposed:false
202 silly fetch manifest lines-and-columns@^1.1.6
203 silly packumentCache full:https://registry.npmjs.org/lines-and-columns cache-miss
204 http fetch GET 200 https://registry.npmjs.org/braces 1226ms (cache miss)
205 silly packumentCache full:https://registry.npmjs.org/braces set size:undefined disposed:false
206 silly fetch manifest mz@^2.7.0
207 silly packumentCache full:https://registry.npmjs.org/mz cache-miss
208 http fetch GET 200 https://registry.npmjs.org/util-deprecate 632ms (cache miss)
209 silly packumentCache full:https://registry.npmjs.org/util-deprecate set size:undefined disposed:false
210 silly fetch manifest pirates@^4.0.1
211 silly packumentCache full:https://registry.npmjs.org/pirates cache-miss
212 http fetch GET 200 https://registry.npmjs.org/cssesc 839ms (cache miss)
213 silly packumentCache full:https://registry.npmjs.org/cssesc set size:undefined disposed:false
214 silly fetch manifest ts-interface-checker@^0.1.9
215 silly packumentCache full:https://registry.npmjs.org/ts-interface-checker cache-miss
216 http fetch GET 200 https://registry.npmjs.org/path-parse 641ms (cache miss)
217 silly packumentCache full:https://registry.npmjs.org/path-parse set size:undefined disposed:false
218 http fetch GET 200 https://registry.npmjs.org/supports-preserve-symlinks-flag 517ms (cache miss)
219 silly packumentCache full:https://registry.npmjs.org/supports-preserve-symlinks-flag set size:undefined disposed:false
220 http fetch GET 200 https://registry.npmjs.org/braces 1578ms (cache miss)
221 silly packumentCache full:https://registry.npmjs.org/braces set size:undefined disposed:false
222 http fetch GET 200 https://registry.npmjs.org/commander 2553ms (cache miss)
223 silly packumentCache full:https://registry.npmjs.org/commander set size:undefined disposed:false
224 http fetch GET 200 https://registry.npmjs.org/pirates 2239ms (cache miss)
225 silly packumentCache full:https://registry.npmjs.org/pirates set size:undefined disposed:false
226 http fetch GET 200 https://registry.npmjs.org/lines-and-columns 2441ms (cache miss)
227 silly packumentCache full:https://registry.npmjs.org/lines-and-columns set size:undefined disposed:false
228 http fetch GET 200 https://registry.npmjs.org/mz 2527ms (cache miss)
229 silly packumentCache full:https://registry.npmjs.org/mz set size:undefined disposed:false
230 http fetch GET 200 https://registry.npmjs.org/ts-interface-checker 2670ms (cache miss)
231 silly packumentCache full:https://registry.npmjs.org/ts-interface-checker set size:undefined disposed:false
232 http fetch GET 200 https://registry.npmjs.org/is-core-module 3501ms (cache miss)
233 silly packumentCache full:https://registry.npmjs.org/is-core-module set size:undefined disposed:false
234 silly placeDep ROOT anymatch@3.1.3 OK for: chokidar@3.6.0 want: ~3.1.2
235 silly placeDep ROOT braces@3.0.3 OK for: chokidar@3.6.0 want: ~3.0.2
236 silly placeDep node_modules/chokidar glob-parent@5.1.2 OK for: chokidar@3.6.0 want: ~5.1.2
237 silly placeDep ROOT is-binary-path@2.1.0 OK for: chokidar@3.6.0 want: ~2.1.0
238 silly placeDep ROOT readdirp@3.6.0 OK for: chokidar@3.6.0 want: ~3.6.0
239 silly fetch manifest picomatch@^2.0.4
240 silly packumentCache full:https://registry.npmjs.org/picomatch cache-hit
241 silly fetch manifest fill-range@^7.1.1
242 silly packumentCache full:https://registry.npmjs.org/fill-range cache-miss
243 silly fetch manifest binary-extensions@^2.0.0
244 silly packumentCache full:https://registry.npmjs.org/binary-extensions cache-miss
245 silly fetch manifest picomatch@^2.2.1
246 silly packumentCache full:https://registry.npmjs.org/picomatch cache-hit
247 http fetch GET 200 https://registry.npmjs.org/binary-extensions 124ms (cache miss)
248 silly packumentCache full:https://registry.npmjs.org/binary-extensions set size:undefined disposed:false
249 http fetch GET 200 https://registry.npmjs.org/fill-range 134ms (cache miss)
250 silly packumentCache full:https://registry.npmjs.org/fill-range set size:undefined disposed:false
251 silly placeDep node_modules/anymatch picomatch@2.3.1 OK for: anymatch@3.1.3 want: ^2.0.4
252 silly placeDep ROOT fill-range@7.1.1 OK for: braces@3.0.3 want: ^7.1.1
253 silly fetch manifest to-regex-range@^5.0.1
254 silly packumentCache full:https://registry.npmjs.org/to-regex-range cache-miss
255 http fetch GET 200 https://registry.npmjs.org/to-regex-range 154ms (cache miss)
256 silly packumentCache full:https://registry.npmjs.org/to-regex-range set size:undefined disposed:false
257 silly placeDep ROOT @nodelib/fs.stat@2.0.5 OK for: fast-glob@3.3.3 want: ^2.0.2
258 silly placeDep ROOT @nodelib/fs.walk@1.2.8 OK for: fast-glob@3.3.3 want: ^1.2.3
259 silly placeDep node_modules/fast-glob glob-parent@5.1.2 OK for: fast-glob@3.3.3 want: ^5.1.2
260 silly placeDep ROOT merge2@1.4.1 OK for: fast-glob@3.3.3 want: ^1.3.0
261 silly fetch manifest fastq@^1.6.0
262 silly packumentCache full:https://registry.npmjs.org/fastq cache-miss
263 silly fetch manifest @nodelib/fs.scandir@2.1.5
264 silly packumentCache full:https://registry.npmjs.org/@nodelib%2ffs.scandir cache-miss
265 http fetch GET 200 https://registry.npmjs.org/@nodelib%2ffs.scandir 139ms (cache miss)
266 silly packumentCache full:https://registry.npmjs.org/@nodelib%2ffs.scandir set size:undefined disposed:false
267 http fetch GET 200 https://registry.npmjs.org/fastq 155ms (cache miss)
268 silly packumentCache full:https://registry.npmjs.org/fastq set size:undefined disposed:false
269 silly placeDep ROOT @nodelib/fs.scandir@2.1.5 OK for: @nodelib/fs.walk@1.2.8 want: 2.1.5
270 silly placeDep ROOT fastq@1.20.1 OK for: @nodelib/fs.walk@1.2.8 want: ^1.6.0
271 silly fetch manifest run-parallel@^1.1.9
272 silly packumentCache full:https://registry.npmjs.org/run-parallel cache-miss
273 silly fetch manifest reusify@^1.0.4
274 silly packumentCache full:https://registry.npmjs.org/reusify cache-miss
275 http fetch GET 200 https://registry.npmjs.org/reusify 473ms (cache miss)
276 silly packumentCache full:https://registry.npmjs.org/reusify set size:undefined disposed:false
277 http fetch GET 200 https://registry.npmjs.org/run-parallel 485ms (cache miss)
278 silly packumentCache full:https://registry.npmjs.org/run-parallel set size:undefined disposed:false
279 silly placeDep ROOT run-parallel@1.2.0 OK for: @nodelib/fs.scandir@2.1.5 want: ^1.1.9
280 silly fetch manifest queue-microtask@^1.2.2
281 silly packumentCache full:https://registry.npmjs.org/queue-microtask cache-miss
282 http fetch GET 200 https://registry.npmjs.org/queue-microtask 149ms (cache miss)
283 silly packumentCache full:https://registry.npmjs.org/queue-microtask set size:undefined disposed:false
284 silly placeDep ROOT reusify@1.1.0 OK for: fastq@1.20.1 want: ^1.0.4
285 silly placeDep ROOT to-regex-range@5.0.1 OK for: fill-range@7.1.1 want: ^5.0.1
286 silly fetch manifest is-number@^7.0.0
287 silly packumentCache full:https://registry.npmjs.org/is-number cache-miss
288 http fetch GET 200 https://registry.npmjs.org/is-number 877ms (cache miss)
289 silly packumentCache full:https://registry.npmjs.org/is-number set size:undefined disposed:false
290 silly placeDep ROOT binary-extensions@2.3.0 OK for: is-binary-path@2.1.0 want: ^2.0.0
291 silly placeDep node_modules/micromatch picomatch@2.3.1 OK for: micromatch@4.0.8 want: ^2.3.1
292 silly placeDep ROOT read-cache@1.0.0 OK for: postcss-import@15.1.0 want: ^1.0.0
293 silly fetch manifest pify@^2.3.0
294 silly packumentCache full:https://registry.npmjs.org/pify cache-miss
295 http fetch GET 200 https://registry.npmjs.org/pify 119ms (cache miss)
296 silly packumentCache full:https://registry.npmjs.org/pify set size:undefined disposed:false
297 silly placeDep ROOT camelcase-css@2.0.1 OK for: postcss-js@4.1.0 want: ^2.0.1
298 silly placeDep ROOT cssesc@3.0.0 OK for: postcss-selector-parser@6.1.2 want: ^3.0.0
299 silly placeDep ROOT util-deprecate@1.0.2 OK for: postcss-selector-parser@6.1.2 want: ^1.0.2
300 silly placeDep ROOT pify@2.3.0 OK for: read-cache@1.0.0 want: ^2.3.0
301 silly placeDep node_modules/readdirp picomatch@2.3.1 OK for: readdirp@3.6.0 want: ^2.2.1
302 silly placeDep ROOT is-core-module@2.16.1 OK for: resolve@1.22.11 want: ^2.16.1
303 silly placeDep ROOT path-parse@1.0.7 OK for: resolve@1.22.11 want: ^1.0.7
304 silly placeDep ROOT supports-preserve-symlinks-flag@1.0.0 OK for: resolve@1.22.11 want: ^1.0.0
305 silly fetch manifest hasown@^2.0.2
306 silly packumentCache full:https://registry.npmjs.org/hasown cache-miss
307 http fetch GET 200 https://registry.npmjs.org/hasown 382ms (cache miss)
308 silly packumentCache full:https://registry.npmjs.org/hasown set size:undefined disposed:false
309 silly placeDep ROOT hasown@2.0.2 OK for: is-core-module@2.16.1 want: ^2.0.2
310 silly fetch manifest function-bind@^1.1.2
311 silly packumentCache full:https://registry.npmjs.org/function-bind cache-miss
312 http fetch GET 200 https://registry.npmjs.org/function-bind 537ms (cache miss)
313 silly packumentCache full:https://registry.npmjs.org/function-bind set size:undefined disposed:false
314 silly placeDep ROOT function-bind@1.1.2 OK for: hasown@2.0.2 want: ^1.1.2
315 silly placeDep ROOT queue-microtask@1.2.3 OK for: run-parallel@1.2.0 want: ^1.2.2
316 silly placeDep ROOT commander@4.1.1 OK for: sucrase@3.35.1 want: ^4.0.0
317 silly placeDep ROOT lines-and-columns@1.2.4 OK for: sucrase@3.35.1 want: ^1.1.6
318 silly placeDep ROOT mz@2.7.0 OK for: sucrase@3.35.1 want: ^2.7.0
319 silly placeDep ROOT pirates@4.0.7 OK for: sucrase@3.35.1 want: ^4.0.1
320 silly placeDep ROOT ts-interface-checker@0.1.13 OK for: sucrase@3.35.1 want: ^0.1.9
321 silly fetch manifest any-promise@^1.0.0
322 silly packumentCache full:https://registry.npmjs.org/any-promise cache-miss
323 silly fetch manifest object-assign@^4.0.1
324 silly packumentCache full:https://registry.npmjs.org/object-assign cache-miss
325 silly fetch manifest thenify-all@^1.0.0
326 silly packumentCache full:https://registry.npmjs.org/thenify-all cache-miss
327 http fetch GET 200 https://registry.npmjs.org/any-promise 502ms (cache miss)
328 silly packumentCache full:https://registry.npmjs.org/any-promise set size:undefined disposed:false
329 http fetch GET 200 https://registry.npmjs.org/object-assign 503ms (cache miss)
330 silly packumentCache full:https://registry.npmjs.org/object-assign set size:undefined disposed:false
331 http fetch GET 200 https://registry.npmjs.org/thenify-all 512ms (cache miss)
332 silly packumentCache full:https://registry.npmjs.org/thenify-all set size:undefined disposed:false
333 silly placeDep ROOT any-promise@1.3.0 OK for: mz@2.7.0 want: ^1.0.0
334 silly placeDep ROOT object-assign@4.1.1 OK for: mz@2.7.0 want: ^4.0.1
335 silly placeDep ROOT thenify-all@1.6.0 OK for: mz@2.7.0 want: ^1.0.0
336 silly fetch manifest thenify@>= 3.1.0 < 4
337 silly packumentCache full:https://registry.npmjs.org/thenify cache-miss
338 http fetch GET 200 https://registry.npmjs.org/thenify 508ms (cache miss)
339 silly packumentCache full:https://registry.npmjs.org/thenify set size:undefined disposed:false
340 silly placeDep ROOT thenify@3.3.1 OK for: thenify-all@1.6.0 want: >= 3.1.0 < 4
341 silly placeDep ROOT is-number@7.0.0 OK for: to-regex-range@5.0.1 want: ^7.0.0
342 silly reify mark retired [
342 silly reify   '/Users/arnavgarg/Desktop/Projects/QR/qr-customizer/node_modules/tailwindcss'
342 silly reify ]
343 silly reify moves {
343 silly reify   '/Users/arnavgarg/Desktop/Projects/QR/qr-customizer/node_modules/tailwindcss': '/Users/arnavgarg/Desktop/Projects/QR/qr-customizer/node_modules/.tailwindcss-azdskf9W'
343 silly reify }
344 silly audit bulk request {
344 silly audit   '@babel/code-frame': [ '7.29.0' ],
344 silly audit   '@babel/compat-data': [ '7.29.0' ],
344 silly audit   '@babel/core': [ '7.29.0' ],
344 silly audit   '@babel/generator': [ '7.29.1' ],
344 silly audit   '@babel/helper-compilation-targets': [ '7.28.6' ],
344 silly audit   '@babel/helper-globals': [ '7.28.0' ],
344 silly audit   '@babel/helper-module-imports': [ '7.28.6' ],
344 silly audit   '@babel/helper-module-transforms': [ '7.28.6' ],
344 silly audit   '@babel/helper-plugin-utils': [ '7.28.6' ],
344 silly audit   '@babel/helper-string-parser': [ '7.27.1' ],
344 silly audit   '@babel/helper-validator-identifier': [ '7.28.5' ],
344 silly audit   '@babel/helper-validator-option': [ '7.27.1' ],
344 silly audit   '@babel/helpers': [ '7.28.6' ],
344 silly audit   '@babel/parser': [ '7.29.0' ],
344 silly audit   '@babel/plugin-transform-react-jsx-self': [ '7.27.1' ],
344 silly audit   '@babel/plugin-transform-react-jsx-source': [ '7.27.1' ],
344 silly audit   '@babel/template': [ '7.28.6' ],
344 silly audit   '@babel/traverse': [ '7.29.0' ],
344 silly audit   '@babel/types': [ '7.29.0' ],
344 silly audit   '@esbuild/aix-ppc64': [ '0.27.3' ],
344 silly audit   '@esbuild/android-arm': [ '0.27.3' ],
344 silly audit   '@esbuild/android-arm64': [ '0.27.3' ],
344 silly audit   '@esbuild/android-x64': [ '0.27.3' ],
344 silly audit   '@esbuild/darwin-arm64': [ '0.27.3' ],
344 silly audit   '@esbuild/darwin-x64': [ '0.27.3' ],
344 silly audit   '@esbuild/freebsd-arm64': [ '0.27.3' ],
344 silly audit   '@esbuild/freebsd-x64': [ '0.27.3' ],
344 silly audit   '@esbuild/linux-arm': [ '0.27.3' ],
344 silly audit   '@esbuild/linux-arm64': [ '0.27.3' ],
344 silly audit   '@esbuild/linux-ia32': [ '0.27.3' ],
344 silly audit   '@esbuild/linux-loong64': [ '0.27.3' ],
344 silly audit   '@esbuild/linux-mips64el': [ '0.27.3' ],
344 silly audit   '@esbuild/linux-ppc64': [ '0.27.3' ],
344 silly audit   '@esbuild/linux-riscv64': [ '0.27.3' ],
344 silly audit   '@esbuild/linux-s390x': [ '0.27.3' ],
344 silly audit   '@esbuild/linux-x64': [ '0.27.3' ],
344 silly audit   '@esbuild/netbsd-arm64': [ '0.27.3' ],
344 silly audit   '@esbuild/netbsd-x64': [ '0.27.3' ],
344 silly audit   '@esbuild/openbsd-arm64': [ '0.27.3' ],
344 silly audit   '@esbuild/openbsd-x64': [ '0.27.3' ],
344 silly audit   '@esbuild/openharmony-arm64': [ '0.27.3' ],
344 silly audit   '@esbuild/sunos-x64': [ '0.27.3' ],
344 silly audit   '@esbuild/win32-arm64': [ '0.27.3' ],
344 silly audit   '@esbuild/win32-ia32': [ '0.27.3' ],
344 silly audit   '@esbuild/win32-x64': [ '0.27.3' ],
344 silly audit   '@eslint-community/eslint-utils': [ '4.9.1' ],
344 silly audit   'eslint-visitor-keys': [ '3.4.3', '4.2.1' ],
344 silly audit   '@eslint-community/regexpp': [ '4.12.2' ],
344 silly audit   '@eslint/config-array': [ '0.21.1' ],
344 silly audit   '@eslint/config-helpers': [ '0.4.2' ],
344 silly audit   '@eslint/core': [ '0.17.0' ],
344 silly audit   '@eslint/eslintrc': [ '3.3.3' ],
344 silly audit   globals: [ '14.0.0', '16.5.0' ],
344 silly audit   '@eslint/js': [ '9.39.2' ],
344 silly audit   '@eslint/object-schema': [ '2.1.7' ],
344 silly audit   '@eslint/plugin-kit': [ '0.4.1' ],
344 silly audit   '@humanfs/core': [ '0.19.1' ],
344 silly audit   '@humanfs/node': [ '0.16.7' ],
344 silly audit   '@humanwhocodes/module-importer': [ '1.0.1' ],
344 silly audit   '@humanwhocodes/retry': [ '0.4.3' ],
344 silly audit   '@jridgewell/gen-mapping': [ '0.3.13' ],
344 silly audit   '@jridgewell/remapping': [ '2.3.5' ],
344 silly audit   '@jridgewell/resolve-uri': [ '3.1.2' ],
344 silly audit   '@jridgewell/sourcemap-codec': [ '1.5.5' ],
344 silly audit   '@jridgewell/trace-mapping': [ '0.3.31' ],
344 silly audit   '@rolldown/pluginutils': [ '1.0.0-rc.3' ],
344 silly audit   '@rollup/rollup-android-arm-eabi': [ '4.57.1' ],
344 silly audit   '@rollup/rollup-android-arm64': [ '4.57.1' ],
344 silly audit   '@rollup/rollup-darwin-arm64': [ '4.57.1' ],
344 silly audit   '@rollup/rollup-darwin-x64': [ '4.57.1' ],
344 silly audit   '@rollup/rollup-freebsd-arm64': [ '4.57.1' ],
344 silly audit   '@rollup/rollup-freebsd-x64': [ '4.57.1' ],
344 silly audit   '@rollup/rollup-linux-arm-gnueabihf': [ '4.57.1' ],
344 silly audit   '@rollup/rollup-linux-arm-musleabihf': [ '4.57.1' ],
344 silly audit   '@rollup/rollup-linux-arm64-gnu': [ '4.57.1' ],
344 silly audit   '@rollup/rollup-linux-arm64-musl': [ '4.57.1' ],
344 silly audit   '@rollup/rollup-linux-loong64-gnu': [ '4.57.1' ],
344 silly audit   '@rollup/rollup-linux-loong64-musl': [ '4.57.1' ],
344 silly audit   '@rollup/rollup-linux-ppc64-gnu': [ '4.57.1' ],
344 silly audit   '@rollup/rollup-linux-ppc64-musl': [ '4.57.1' ],
344 silly audit   '@rollup/rollup-linux-riscv64-gnu': [ '4.57.1' ],
344 silly audit   '@rollup/rollup-linux-riscv64-musl': [ '4.57.1' ],
344 silly audit   '@rollup/rollup-linux-s390x-gnu': [ '4.57.1' ],
344 silly audit   '@rollup/rollup-linux-x64-gnu': [ '4.57.1' ],
344 silly audit   '@rollup/rollup-linux-x64-musl': [ '4.57.1' ],
344 silly audit   '@rollup/rollup-openbsd-x64': [ '4.57.1' ],
344 silly audit   '@rollup/rollup-openharmony-arm64': [ '4.57.1' ],
344 silly audit   '@rollup/rollup-win32-arm64-msvc': [ '4.57.1' ],
344 silly audit   '@rollup/rollup-win32-ia32-msvc': [ '4.57.1' ],
344 silly audit   '@rollup/rollup-win32-x64-gnu': [ '4.57.1' ],
344 silly audit   '@rollup/rollup-win32-x64-msvc': [ '4.57.1' ],
344 silly audit   '@types/babel__core': [ '7.20.5' ],
344 silly audit   '@types/babel__generator': [ '7.27.0' ],
344 silly audit   '@types/babel__template': [ '7.4.4' ],
344 silly audit   '@types/babel__traverse': [ '7.28.0' ],
344 silly audit   '@types/estree': [ '1.0.8' ],
344 silly audit   '@types/json-schema': [ '7.0.15' ],
344 silly audit   '@types/react': [ '19.2.14' ],
344 silly audit   '@types/react-dom': [ '19.2.3' ],
344 silly audit   '@vitejs/plugin-react': [ '5.1.4' ],
344 silly audit   acorn: [ '8.15.0' ],
344 silly audit   'acorn-jsx': [ '5.3.2' ],
344 silly audit   ajv: [ '6.12.6' ],
344 silly audit   'ansi-styles': [ '4.3.0' ],
344 silly audit   argparse: [ '2.0.1' ],
344 silly audit   'balanced-match': [ '1.0.2' ],
344 silly audit   'baseline-browser-mapping': [ '2.9.19' ],
344 silly audit   'brace-expansion': [ '1.1.12' ],
344 silly audit   browserslist: [ '4.28.1' ],
344 silly audit   callsites: [ '3.1.0' ],
344 silly audit   'caniuse-lite': [ '1.0.30001770' ],
344 silly audit   chalk: [ '4.1.2' ],
344 silly audit   'color-convert': [ '2.0.1' ],
344 silly audit   'color-name': [ '1.1.4' ],
344 silly audit   'concat-map': [ '0.0.1' ],
344 silly audit   'convert-source-map': [ '2.0.0' ],
344 silly audit   'cross-spawn': [ '7.0.6' ],
344 silly audit   csstype: [ '3.2.3' ],
344 silly audit   debug: [ '4.4.3' ],
344 silly audit   'deep-is': [ '0.1.4' ],
344 silly audit   'electron-to-chromium': [ '1.5.286' ],
344 silly audit   esbuild: [ '0.27.3' ],
344 silly audit   escalade: [ '3.2.0' ],
344 silly audit   'escape-string-regexp': [ '4.0.0' ],
344 silly audit   eslint: [ '9.39.2' ],
344 silly audit   'eslint-plugin-react-hooks': [ '7.0.1' ],
344 silly audit   'eslint-plugin-react-refresh': [ '0.4.26' ],
344 silly audit   'eslint-scope': [ '8.4.0' ],
344 silly audit   espree: [ '10.4.0' ],
344 silly audit   esquery: [ '1.7.0' ],
344 silly audit   esrecurse: [ '4.3.0' ],
344 silly audit   estraverse: [ '5.3.0' ],
344 silly audit   esutils: [ '2.0.3' ],
344 silly audit   'fast-deep-equal': [ '3.1.3' ],
344 silly audit   'fast-json-stable-stringify': [ '2.1.0' ],
344 silly audit   'fast-levenshtein': [ '2.0.6' ],
344 silly audit   fdir: [ '6.5.0' ],
344 silly audit   'file-entry-cache': [ '8.0.0' ],
344 silly audit   'find-up': [ '5.0.0' ],
344 silly audit   'flat-cache': [ '4.0.1' ],
344 silly audit   flatted: [ '3.3.3' ],
344 silly audit   'fraction.js': [ '5.3.4' ],
344 silly audit   fsevents: [ '2.3.3' ],
344 silly audit   gensync: [ '1.0.0-beta.2' ],
344 silly audit   'glob-parent': [ '6.0.2', '5.1.2' ],
344 silly audit   'has-flag': [ '4.0.0' ],
344 silly audit   'hermes-estree': [ '0.25.1' ],
344 silly audit   'hermes-parser': [ '0.25.1' ],
344 silly audit   ignore: [ '5.3.2' ],
344 silly audit   'import-fresh': [ '3.3.1' ],
344 silly audit   imurmurhash: [ '0.1.4' ],
344 silly audit   'is-extglob': [ '2.1.1' ],
344 silly audit   'is-glob': [ '4.0.3' ],
344 silly audit   isexe: [ '2.0.0' ],
344 silly audit   'js-tokens': [ '4.0.0' ],
344 silly audit   'js-yaml': [ '4.1.1' ],
344 silly audit   jsesc: [ '3.1.0' ],
344 silly audit   'json-buffer': [ '3.0.1' ],
344 silly audit   'json-schema-traverse': [ '0.4.1' ],
344 silly audit   'json-stable-stringify-without-jsonify': [ '1.0.1' ],
344 silly audit   json5: [ '2.2.3' ],
344 silly audit   keyv: [ '4.5.4' ],
344 silly audit   levn: [ '0.4.1' ],
344 silly audit   'locate-path': [ '6.0.0' ],
344 silly audit   'lodash.merge': [ '4.6.2' ],
344 silly audit   'lru-cache': [ '5.1.1' ],
344 silly audit   minimatch: [ '3.1.2' ],
344 silly audit   ms: [ '2.1.3' ],
344 silly audit   nanoid: [ '3.3.11' ],
344 silly audit   'natural-compare': [ '1.4.0' ],
344 silly audit   'node-releases': [ '2.0.27' ],
344 silly audit   optionator: [ '0.9.4' ],
344 silly audit   'p-limit': [ '3.1.0' ],
344 silly audit   'p-locate': [ '5.0.0' ],
344 silly audit   'parent-module': [ '1.0.1' ],
344 silly audit   'path-exists': [ '4.0.0' ],
344 silly audit   'path-key': [ '3.1.1' ],
344 silly audit   picocolors: [ '1.1.1' ],
344 silly audit   picomatch: [ '4.0.3', '2.3.1' ],
344 silly audit   'postcss-value-parser': [ '4.2.0' ],
344 silly audit   'prelude-ls': [ '1.2.1' ],
344 silly audit   punycode: [ '2.3.1' ],
344 silly audit   react: [ '19.2.4' ],
344 silly audit   'react-dom': [ '19.2.4' ],
344 silly audit   'react-refresh': [ '0.18.0' ],
344 silly audit   'resolve-from': [ '4.0.0' ],
344 silly audit   rollup: [ '4.57.1' ],
344 silly audit   scheduler: [ '0.27.0' ],
344 silly audit   semver: [ '6.3.1' ],
344 silly audit   'shebang-command': [ '2.0.0' ],
344 silly audit   'shebang-regex': [ '3.0.0' ],
344 silly audit   'source-map-js': [ '1.2.1' ],
344 silly audit   'strip-json-comments': [ '3.1.1' ],
344 silly audit   'supports-color': [ '7.2.0' ],
344 silly audit   tinyglobby: [ '0.2.15' ],
344 silly audit   'type-check': [ '0.4.0' ],
344 silly audit   'update-browserslist-db': [ '1.2.3' ],
344 silly audit   'uri-js': [ '4.4.1' ],
344 silly audit   vite: [ '7.3.1' ],
344 silly audit   which: [ '2.0.2' ],
344 silly audit   'word-wrap': [ '1.2.5' ],
344 silly audit   yallist: [ '3.1.1' ],
344 silly audit   'yocto-queue': [ '0.1.0' ],
344 silly audit   zod: [ '4.3.6' ],
344 silly audit   'zod-validation-error': [ '4.0.2' ],
344 silly audit   autoprefixer: [ '10.4.24' ],
344 silly audit   postcss: [ '8.5.6' ],
344 silly audit   tailwindcss: [ '3.4.19' ],
344 silly audit   '@alloc/quick-lru': [ '5.2.0' ],
344 silly audit   arg: [ '5.0.2' ],
344 silly audit   chokidar: [ '3.6.0' ],
344 silly audit   didyoumean: [ '1.2.2' ],
344 silly audit   dlv: [ '1.1.3' ],
344 silly audit   'fast-glob': [ '3.3.3' ],
344 silly audit   jiti: [ '1.21.7' ],
344 silly audit   lilconfig: [ '3.1.3' ],
344 silly audit   micromatch: [ '4.0.8' ],
344 silly audit   'normalize-path': [ '3.0.0' ],
344 silly audit   'object-hash': [ '3.0.0' ],
344 silly audit   'postcss-import': [ '15.1.0' ],
344 silly audit   'postcss-js': [ '4.1.0' ],
344 silly audit   'postcss-load-config': [ '6.0.1' ],
344 silly audit   'postcss-nested': [ '6.2.0' ],
344 silly audit   'postcss-selector-parser': [ '6.1.2' ],
344 silly audit   resolve: [ '1.22.11' ],
344 silly audit   sucrase: [ '3.35.1' ],
344 silly audit   anymatch: [ '3.1.3' ],
344 silly audit   braces: [ '3.0.3' ],
344 silly audit   'is-binary-path': [ '2.1.0' ],
344 silly audit   readdirp: [ '3.6.0' ],
344 silly audit   'fill-range': [ '7.1.1' ],
344 silly audit   '@nodelib/fs.stat': [ '2.0.5' ],
344 silly audit   '@nodelib/fs.walk': [ '1.2.8' ],
344 silly audit   merge2: [ '1.4.1' ],
344 silly audit   '@nodelib/fs.scandir': [ '2.1.5' ],
344 silly audit   fastq: [ '1.20.1' ],
344 silly audit   'run-parallel': [ '1.2.0' ],
344 silly audit   reusify: [ '1.1.0' ],
344 silly audit   'to-regex-range': [ '5.0.1' ],
344 silly audit   'binary-extensions': [ '2.3.0' ],
344 silly audit   'read-cache': [ '1.0.0' ],
344 silly audit   'camelcase-css': [ '2.0.1' ],
344 silly audit   cssesc: [ '3.0.0' ],
344 silly audit   'util-deprecate': [ '1.0.2' ],
344 silly audit   pify: [ '2.3.0' ],
344 silly audit   'is-core-module': [ '2.16.1' ],
344 silly audit   'path-parse': [ '1.0.7' ],
344 silly audit   'supports-preserve-symlinks-flag': [ '1.0.0' ],
344 silly audit   hasown: [ '2.0.2' ],
344 silly audit   'function-bind': [ '1.1.2' ],
344 silly audit   'queue-microtask': [ '1.2.3' ],
344 silly audit   commander: [ '4.1.1' ],
344 silly audit   'lines-and-columns': [ '1.2.4' ],
344 silly audit   mz: [ '2.7.0' ],
344 silly audit   pirates: [ '4.0.7' ],
344 silly audit   'ts-interface-checker': [ '0.1.13' ],
344 silly audit   'any-promise': [ '1.3.0' ],
344 silly audit   'object-assign': [ '4.1.1' ],
344 silly audit   'thenify-all': [ '1.6.0' ],
344 silly audit   thenify: [ '3.3.1' ],
344 silly audit   'is-number': [ '7.0.0' ]
344 silly audit }
345 http cache is-number@https://registry.npmjs.org/is-number/-/is-number-7.0.0.tgz 0ms (cache hit)
346 http cache thenify@https://registry.npmjs.org/thenify/-/thenify-3.3.1.tgz 0ms (cache hit)
347 http cache thenify-all@https://registry.npmjs.org/thenify-all/-/thenify-all-1.6.0.tgz 0ms (cache hit)
348 http cache object-assign@https://registry.npmjs.org/object-assign/-/object-assign-4.1.1.tgz 0ms (cache hit)
349 http cache any-promise@https://registry.npmjs.org/any-promise/-/any-promise-1.3.0.tgz 0ms (cache hit)
350 http cache mz@https://registry.npmjs.org/mz/-/mz-2.7.0.tgz 0ms (cache hit)
351 http cache pirates@https://registry.npmjs.org/pirates/-/pirates-4.0.7.tgz 0ms (cache hit)
352 http cache lines-and-columns@https://registry.npmjs.org/lines-and-columns/-/lines-and-columns-1.2.4.tgz 0ms (cache hit)
353 http cache commander@https://registry.npmjs.org/commander/-/commander-4.1.1.tgz 0ms (cache hit)
354 http cache queue-microtask@https://registry.npmjs.org/queue-microtask/-/queue-microtask-1.2.3.tgz 0ms (cache hit)
355 http cache function-bind@https://registry.npmjs.org/function-bind/-/function-bind-1.1.2.tgz 0ms (cache hit)
356 http cache supports-preserve-symlinks-flag@https://registry.npmjs.org/supports-preserve-symlinks-flag/-/supports-preserve-symlinks-flag-1.0.0.tgz 0ms (cache hit)
357 http cache is-core-module@https://registry.npmjs.org/is-core-module/-/is-core-module-2.16.1.tgz 0ms (cache hit)
358 http cache path-parse@https://registry.npmjs.org/path-parse/-/path-parse-1.0.7.tgz 0ms (cache hit)
359 http cache pify@https://registry.npmjs.org/pify/-/pify-2.3.0.tgz 0ms (cache hit)
360 http cache hasown@https://registry.npmjs.org/hasown/-/hasown-2.0.2.tgz 0ms (cache hit)
361 http cache util-deprecate@https://registry.npmjs.org/util-deprecate/-/util-deprecate-1.0.2.tgz 0ms (cache hit)
362 http cache cssesc@https://registry.npmjs.org/cssesc/-/cssesc-3.0.0.tgz 0ms (cache hit)
363 http cache camelcase-css@https://registry.npmjs.org/camelcase-css/-/camelcase-css-2.0.1.tgz 0ms (cache hit)
364 http cache read-cache@https://registry.npmjs.org/read-cache/-/read-cache-1.0.0.tgz 0ms (cache hit)
365 http cache binary-extensions@https://registry.npmjs.org/binary-extensions/-/binary-extensions-2.3.0.tgz 0ms (cache hit)
366 http cache to-regex-range@https://registry.npmjs.org/to-regex-range/-/to-regex-range-5.0.1.tgz 0ms (cache hit)
367 http cache reusify@https://registry.npmjs.org/reusify/-/reusify-1.1.0.tgz 0ms (cache hit)
368 http cache run-parallel@https://registry.npmjs.org/run-parallel/-/run-parallel-1.2.0.tgz 0ms (cache hit)
369 http cache fastq@https://registry.npmjs.org/fastq/-/fastq-1.20.1.tgz 0ms (cache hit)
370 http cache @nodelib/fs.scandir@https://registry.npmjs.org/@nodelib/fs.scandir/-/fs.scandir-2.1.5.tgz 0ms (cache hit)
371 http cache merge2@https://registry.npmjs.org/merge2/-/merge2-1.4.1.tgz 0ms (cache hit)
372 http cache @nodelib/fs.walk@https://registry.npmjs.org/@nodelib/fs.walk/-/fs.walk-1.2.8.tgz 0ms (cache hit)
373 http cache ts-interface-checker@https://registry.npmjs.org/ts-interface-checker/-/ts-interface-checker-0.1.13.tgz 0ms (cache hit)
374 http cache @nodelib/fs.stat@https://registry.npmjs.org/@nodelib/fs.stat/-/fs.stat-2.0.5.tgz 0ms (cache hit)
375 http cache fill-range@https://registry.npmjs.org/fill-range/-/fill-range-7.1.1.tgz 0ms (cache hit)
376 http cache readdirp@https://registry.npmjs.org/readdirp/-/readdirp-3.6.0.tgz 0ms (cache hit)
377 http cache anymatch@https://registry.npmjs.org/anymatch/-/anymatch-3.1.3.tgz 0ms (cache hit)
378 http cache braces@https://registry.npmjs.org/braces/-/braces-3.0.3.tgz 0ms (cache hit)
379 http cache resolve@https://registry.npmjs.org/resolve/-/resolve-1.22.11.tgz 0ms (cache hit)
380 http cache postcss-selector-parser@https://registry.npmjs.org/postcss-selector-parser/-/postcss-selector-parser-6.1.2.tgz 0ms (cache hit)
381 http cache sucrase@https://registry.npmjs.org/sucrase/-/sucrase-3.35.1.tgz 0ms (cache hit)
382 http cache postcss-load-config@https://registry.npmjs.org/postcss-load-config/-/postcss-load-config-6.0.1.tgz 0ms (cache hit)
383 http cache postcss-js@https://registry.npmjs.org/postcss-js/-/postcss-js-4.1.0.tgz 0ms (cache hit)
384 http cache postcss-nested@https://registry.npmjs.org/postcss-nested/-/postcss-nested-6.2.0.tgz 0ms (cache hit)
385 http cache postcss-import@https://registry.npmjs.org/postcss-import/-/postcss-import-15.1.0.tgz 0ms (cache hit)
386 http cache object-hash@https://registry.npmjs.org/object-hash/-/object-hash-3.0.0.tgz 0ms (cache hit)
387 http cache normalize-path@https://registry.npmjs.org/normalize-path/-/normalize-path-3.0.0.tgz 0ms (cache hit)
388 http cache micromatch@https://registry.npmjs.org/micromatch/-/micromatch-4.0.8.tgz 0ms (cache hit)
389 http cache lilconfig@https://registry.npmjs.org/lilconfig/-/lilconfig-3.1.3.tgz 0ms (cache hit)
390 http cache jiti@https://registry.npmjs.org/jiti/-/jiti-1.21.7.tgz 0ms (cache hit)
391 http cache fast-glob@https://registry.npmjs.org/fast-glob/-/fast-glob-3.3.3.tgz 0ms (cache hit)
392 http cache dlv@https://registry.npmjs.org/dlv/-/dlv-1.1.3.tgz 0ms (cache hit)
393 http cache didyoumean@https://registry.npmjs.org/didyoumean/-/didyoumean-1.2.2.tgz 0ms (cache hit)
394 http cache chokidar@https://registry.npmjs.org/chokidar/-/chokidar-3.6.0.tgz 0ms (cache hit)
395 http cache arg@https://registry.npmjs.org/arg/-/arg-5.0.2.tgz 0ms (cache hit)
396 http cache @alloc/quick-lru@https://registry.npmjs.org/@alloc/quick-lru/-/quick-lru-5.2.0.tgz 0ms (cache hit)
397 http cache is-binary-path@https://registry.npmjs.org/is-binary-path/-/is-binary-path-2.1.0.tgz 0ms (cache hit)
398 http cache tailwindcss@https://registry.npmjs.org/tailwindcss/-/tailwindcss-3.4.19.tgz 0ms (cache hit)
399 http cache picomatch@https://registry.npmjs.org/picomatch/-/picomatch-2.3.1.tgz 0ms (cache hit)
400 http cache picomatch@https://registry.npmjs.org/picomatch/-/picomatch-2.3.1.tgz 0ms (cache hit)
401 http cache glob-parent@https://registry.npmjs.org/glob-parent/-/glob-parent-5.1.2.tgz 0ms (cache hit)
402 http cache glob-parent@https://registry.npmjs.org/glob-parent/-/glob-parent-5.1.2.tgz 0ms (cache hit)
403 http cache picomatch@https://registry.npmjs.org/picomatch/-/picomatch-2.3.1.tgz 0ms (cache hit)
404 silly tarball no local data for is-number@https://registry.npmjs.org/is-number/-/is-number-7.0.0.tgz. Extracting by manifest.
405 silly tarball no local data for thenify@https://registry.npmjs.org/thenify/-/thenify-3.3.1.tgz. Extracting by manifest.
406 silly tarball no local data for thenify-all@https://registry.npmjs.org/thenify-all/-/thenify-all-1.6.0.tgz. Extracting by manifest.
407 silly tarball no local data for object-assign@https://registry.npmjs.org/object-assign/-/object-assign-4.1.1.tgz. Extracting by manifest.
408 silly tarball no local data for any-promise@https://registry.npmjs.org/any-promise/-/any-promise-1.3.0.tgz. Extracting by manifest.
409 silly tarball no local data for mz@https://registry.npmjs.org/mz/-/mz-2.7.0.tgz. Extracting by manifest.
410 silly tarball no local data for pirates@https://registry.npmjs.org/pirates/-/pirates-4.0.7.tgz. Extracting by manifest.
411 silly tarball no local data for lines-and-columns@https://registry.npmjs.org/lines-and-columns/-/lines-and-columns-1.2.4.tgz. Extracting by manifest.
412 silly tarball no local data for commander@https://registry.npmjs.org/commander/-/commander-4.1.1.tgz. Extracting by manifest.
413 silly tarball no local data for queue-microtask@https://registry.npmjs.org/queue-microtask/-/queue-microtask-1.2.3.tgz. Extracting by manifest.
414 silly tarball no local data for function-bind@https://registry.npmjs.org/function-bind/-/function-bind-1.1.2.tgz. Extracting by manifest.
415 silly tarball no local data for supports-preserve-symlinks-flag@https://registry.npmjs.org/supports-preserve-symlinks-flag/-/supports-preserve-symlinks-flag-1.0.0.tgz. Extracting by manifest.
416 silly tarball no local data for is-core-module@https://registry.npmjs.org/is-core-module/-/is-core-module-2.16.1.tgz. Extracting by manifest.
417 silly tarball no local data for path-parse@https://registry.npmjs.org/path-parse/-/path-parse-1.0.7.tgz. Extracting by manifest.
418 silly tarball no local data for pify@https://registry.npmjs.org/pify/-/pify-2.3.0.tgz. Extracting by manifest.
419 silly tarball no local data for hasown@https://registry.npmjs.org/hasown/-/hasown-2.0.2.tgz. Extracting by manifest.
420 silly tarball no local data for util-deprecate@https://registry.npmjs.org/util-deprecate/-/util-deprecate-1.0.2.tgz. Extracting by manifest.
421 silly tarball no local data for cssesc@https://registry.npmjs.org/cssesc/-/cssesc-3.0.0.tgz. Extracting by manifest.
422 silly tarball no local data for camelcase-css@https://registry.npmjs.org/camelcase-css/-/camelcase-css-2.0.1.tgz. Extracting by manifest.
423 silly tarball no local data for read-cache@https://registry.npmjs.org/read-cache/-/read-cache-1.0.0.tgz. Extracting by manifest.
424 silly tarball no local data for binary-extensions@https://registry.npmjs.org/binary-extensions/-/binary-extensions-2.3.0.tgz. Extracting by manifest.
425 silly tarball no local data for to-regex-range@https://registry.npmjs.org/to-regex-range/-/to-regex-range-5.0.1.tgz. Extracting by manifest.
426 silly tarball no local data for reusify@https://registry.npmjs.org/reusify/-/reusify-1.1.0.tgz. Extracting by manifest.
427 silly tarball no local data for run-parallel@https://registry.npmjs.org/run-parallel/-/run-parallel-1.2.0.tgz. Extracting by manifest.
428 silly tarball no local data for fastq@https://registry.npmjs.org/fastq/-/fastq-1.20.1.tgz. Extracting by manifest.
429 silly tarball no local data for @nodelib/fs.scandir@https://registry.npmjs.org/@nodelib/fs.scandir/-/fs.scandir-2.1.5.tgz. Extracting by manifest.
430 silly tarball no local data for merge2@https://registry.npmjs.org/merge2/-/merge2-1.4.1.tgz. Extracting by manifest.
431 silly tarball no local data for @nodelib/fs.walk@https://registry.npmjs.org/@nodelib/fs.walk/-/fs.walk-1.2.8.tgz. Extracting by manifest.
432 silly tarball no local data for ts-interface-checker@https://registry.npmjs.org/ts-interface-checker/-/ts-interface-checker-0.1.13.tgz. Extracting by manifest.
433 silly tarball no local data for @nodelib/fs.stat@https://registry.npmjs.org/@nodelib/fs.stat/-/fs.stat-2.0.5.tgz. Extracting by manifest.
434 silly tarball no local data for fill-range@https://registry.npmjs.org/fill-range/-/fill-range-7.1.1.tgz. Extracting by manifest.
435 silly tarball no local data for readdirp@https://registry.npmjs.org/readdirp/-/readdirp-3.6.0.tgz. Extracting by manifest.
436 silly tarball no local data for anymatch@https://registry.npmjs.org/anymatch/-/anymatch-3.1.3.tgz. Extracting by manifest.
437 silly tarball no local data for braces@https://registry.npmjs.org/braces/-/braces-3.0.3.tgz. Extracting by manifest.
438 silly tarball no local data for resolve@https://registry.npmjs.org/resolve/-/resolve-1.22.11.tgz. Extracting by manifest.
439 silly tarball no local data for postcss-selector-parser@https://registry.npmjs.org/postcss-selector-parser/-/postcss-selector-parser-6.1.2.tgz. Extracting by manifest.
440 silly tarball no local data for sucrase@https://registry.npmjs.org/sucrase/-/sucrase-3.35.1.tgz. Extracting by manifest.
441 silly tarball no local data for postcss-load-config@https://registry.npmjs.org/postcss-load-config/-/postcss-load-config-6.0.1.tgz. Extracting by manifest.
442 silly tarball no local data for postcss-js@https://registry.npmjs.org/postcss-js/-/postcss-js-4.1.0.tgz. Extracting by manifest.
443 silly tarball no local data for postcss-nested@https://registry.npmjs.org/postcss-nested/-/postcss-nested-6.2.0.tgz. Extracting by manifest.
444 silly tarball no local data for postcss-import@https://registry.npmjs.org/postcss-import/-/postcss-import-15.1.0.tgz. Extracting by manifest.
445 silly tarball no local data for object-hash@https://registry.npmjs.org/object-hash/-/object-hash-3.0.0.tgz. Extracting by manifest.
446 silly tarball no local data for normalize-path@https://registry.npmjs.org/normalize-path/-/normalize-path-3.0.0.tgz. Extracting by manifest.
447 silly tarball no local data for micromatch@https://registry.npmjs.org/micromatch/-/micromatch-4.0.8.tgz. Extracting by manifest.
448 silly tarball no local data for lilconfig@https://registry.npmjs.org/lilconfig/-/lilconfig-3.1.3.tgz. Extracting by manifest.
449 silly tarball no local data for jiti@https://registry.npmjs.org/jiti/-/jiti-1.21.7.tgz. Extracting by manifest.
450 silly tarball no local data for fast-glob@https://registry.npmjs.org/fast-glob/-/fast-glob-3.3.3.tgz. Extracting by manifest.
451 silly tarball no local data for dlv@https://registry.npmjs.org/dlv/-/dlv-1.1.3.tgz. Extracting by manifest.
452 silly tarball no local data for didyoumean@https://registry.npmjs.org/didyoumean/-/didyoumean-1.2.2.tgz. Extracting by manifest.
453 silly tarball no local data for chokidar@https://registry.npmjs.org/chokidar/-/chokidar-3.6.0.tgz. Extracting by manifest.
454 silly tarball no local data for arg@https://registry.npmjs.org/arg/-/arg-5.0.2.tgz. Extracting by manifest.
455 silly tarball no local data for @alloc/quick-lru@https://registry.npmjs.org/@alloc/quick-lru/-/quick-lru-5.2.0.tgz. Extracting by manifest.
456 silly tarball no local data for is-binary-path@https://registry.npmjs.org/is-binary-path/-/is-binary-path-2.1.0.tgz. Extracting by manifest.
457 silly tarball no local data for tailwindcss@https://registry.npmjs.org/tailwindcss/-/tailwindcss-3.4.19.tgz. Extracting by manifest.
458 silly tarball no local data for picomatch@https://registry.npmjs.org/picomatch/-/picomatch-2.3.1.tgz. Extracting by manifest.
459 silly tarball no local data for picomatch@https://registry.npmjs.org/picomatch/-/picomatch-2.3.1.tgz. Extracting by manifest.
460 silly tarball no local data for glob-parent@https://registry.npmjs.org/glob-parent/-/glob-parent-5.1.2.tgz. Extracting by manifest.
461 silly tarball no local data for glob-parent@https://registry.npmjs.org/glob-parent/-/glob-parent-5.1.2.tgz. Extracting by manifest.
462 silly tarball no local data for picomatch@https://registry.npmjs.org/picomatch/-/picomatch-2.3.1.tgz. Extracting by manifest.
463 http fetch GET 200 https://registry.npmjs.org/thenify/-/thenify-3.3.1.tgz 135ms (cache miss)
464 http fetch GET 200 https://registry.npmjs.org/is-number/-/is-number-7.0.0.tgz 135ms (cache miss)
465 http fetch GET 200 https://registry.npmjs.org/any-promise/-/any-promise-1.3.0.tgz 137ms (cache miss)
466 http fetch GET 200 https://registry.npmjs.org/object-assign/-/object-assign-4.1.1.tgz 497ms (cache miss)
467 http fetch POST 200 https://registry.npmjs.org/-/npm/v1/security/advisories/bulk 539ms
468 silly audit report {}
469 http fetch GET 200 https://registry.npmjs.org/pirates/-/pirates-4.0.7.tgz 531ms (cache miss)
470 http fetch GET 200 https://registry.npmjs.org/lines-and-columns/-/lines-and-columns-1.2.4.tgz 531ms (cache miss)
471 http fetch GET 200 https://registry.npmjs.org/thenify-all/-/thenify-all-1.6.0.tgz 532ms (cache miss)
472 http fetch GET 200 https://registry.npmjs.org/mz/-/mz-2.7.0.tgz 531ms (cache miss)
473 http fetch GET 200 https://registry.npmjs.org/hasown/-/hasown-2.0.2.tgz 961ms (cache miss)
474 http fetch GET 200 https://registry.npmjs.org/read-cache/-/read-cache-1.0.0.tgz 961ms (cache miss)
475 http fetch GET 200 https://registry.npmjs.org/cssesc/-/cssesc-3.0.0.tgz 962ms (cache miss)
476 http fetch GET 200 https://registry.npmjs.org/util-deprecate/-/util-deprecate-1.0.2.tgz 962ms (cache miss)
477 http fetch GET 200 https://registry.npmjs.org/pify/-/pify-2.3.0.tgz 962ms (cache miss)
478 http fetch GET 200 https://registry.npmjs.org/to-regex-range/-/to-regex-range-5.0.1.tgz 961ms (cache miss)
479 http fetch GET 200 https://registry.npmjs.org/camelcase-css/-/camelcase-css-2.0.1.tgz 962ms (cache miss)
480 http fetch GET 200 https://registry.npmjs.org/binary-extensions/-/binary-extensions-2.3.0.tgz 962ms (cache miss)
481 http fetch GET 200 https://registry.npmjs.org/reusify/-/reusify-1.1.0.tgz 962ms (cache miss)
482 http fetch GET 200 https://registry.npmjs.org/run-parallel/-/run-parallel-1.2.0.tgz 1127ms (cache miss)
483 http fetch GET 200 https://registry.npmjs.org/merge2/-/merge2-1.4.1.tgz 1127ms (cache miss)
484 http fetch GET 200 https://registry.npmjs.org/path-parse/-/path-parse-1.0.7.tgz 1129ms (cache miss)
485 http fetch GET 200 https://registry.npmjs.org/fastq/-/fastq-1.20.1.tgz 1129ms (cache miss)
486 http fetch GET 200 https://registry.npmjs.org/function-bind/-/function-bind-1.1.2.tgz 1131ms (cache miss)
487 http fetch GET 200 https://registry.npmjs.org/@nodelib/fs.scandir/-/fs.scandir-2.1.5.tgz 1146ms (cache miss)
488 http fetch GET 200 https://registry.npmjs.org/supports-preserve-symlinks-flag/-/supports-preserve-symlinks-flag-1.0.0.tgz 1151ms (cache miss)
489 http fetch GET 200 https://registry.npmjs.org/fill-range/-/fill-range-7.1.1.tgz 1150ms (cache miss)
490 http fetch GET 200 https://registry.npmjs.org/readdirp/-/readdirp-3.6.0.tgz 1371ms (cache miss)
491 http fetch GET 200 https://registry.npmjs.org/@nodelib/fs.stat/-/fs.stat-2.0.5.tgz 1375ms (cache miss)
492 http fetch GET 200 https://registry.npmjs.org/@nodelib/fs.walk/-/fs.walk-1.2.8.tgz 1377ms (cache miss)
493 http fetch GET 200 https://registry.npmjs.org/queue-microtask/-/queue-microtask-1.2.3.tgz 1389ms (cache miss)
494 http fetch GET 200 https://registry.npmjs.org/is-core-module/-/is-core-module-2.16.1.tgz 1390ms (cache miss)
495 http fetch GET 200 https://registry.npmjs.org/ts-interface-checker/-/ts-interface-checker-0.1.13.tgz 1401ms (cache miss)
496 http fetch GET 200 https://registry.npmjs.org/commander/-/commander-4.1.1.tgz 1404ms (cache miss)
497 http fetch GET 200 https://registry.npmjs.org/anymatch/-/anymatch-3.1.3.tgz 1560ms (cache miss)
498 http fetch GET 200 https://registry.npmjs.org/braces/-/braces-3.0.3.tgz 1565ms (cache miss)
499 http fetch GET 200 https://registry.npmjs.org/postcss-load-config/-/postcss-load-config-6.0.1.tgz 1585ms (cache miss)
500 http fetch GET 200 https://registry.npmjs.org/postcss-nested/-/postcss-nested-6.2.0.tgz 1585ms (cache miss)
501 http fetch GET 200 https://registry.npmjs.org/postcss-js/-/postcss-js-4.1.0.tgz 1585ms (cache miss)
502 http fetch GET 200 https://registry.npmjs.org/normalize-path/-/normalize-path-3.0.0.tgz 1593ms (cache miss)
503 http fetch GET 200 https://registry.npmjs.org/postcss-import/-/postcss-import-15.1.0.tgz 1594ms (cache miss)
504 http fetch GET 200 https://registry.npmjs.org/lilconfig/-/lilconfig-3.1.3.tgz 1666ms (cache miss)
505 http fetch GET 200 https://registry.npmjs.org/resolve/-/resolve-1.22.11.tgz 1672ms (cache miss)
506 http fetch GET 200 https://registry.npmjs.org/object-hash/-/object-hash-3.0.0.tgz 1687ms (cache miss)
507 http fetch GET 200 https://registry.npmjs.org/micromatch/-/micromatch-4.0.8.tgz 1687ms (cache miss)
508 http fetch GET 200 https://registry.npmjs.org/didyoumean/-/didyoumean-1.2.2.tgz 1688ms (cache miss)
509 http fetch GET 200 https://registry.npmjs.org/dlv/-/dlv-1.1.3.tgz 1691ms (cache miss)
510 http fetch GET 200 https://registry.npmjs.org/fast-glob/-/fast-glob-3.3.3.tgz 1699ms (cache miss)
511 http fetch GET 200 https://registry.npmjs.org/arg/-/arg-5.0.2.tgz 1711ms (cache miss)
512 http fetch GET 200 https://registry.npmjs.org/is-binary-path/-/is-binary-path-2.1.0.tgz 1726ms (cache miss)
513 http fetch GET 200 https://registry.npmjs.org/postcss-selector-parser/-/postcss-selector-parser-6.1.2.tgz 1728ms (cache miss)
514 http fetch GET 200 https://registry.npmjs.org/chokidar/-/chokidar-3.6.0.tgz 1728ms (cache miss)
515 http fetch GET 200 https://registry.npmjs.org/@alloc/quick-lru/-/quick-lru-5.2.0.tgz 1755ms (cache miss)
516 http fetch GET 200 https://registry.npmjs.org/picomatch/-/picomatch-2.3.1.tgz 2066ms (cache miss)
517 http fetch GET 200 https://registry.npmjs.org/picomatch/-/picomatch-2.3.1.tgz 2382ms (cache miss)
518 http fetch GET 200 https://registry.npmjs.org/glob-parent/-/glob-parent-5.1.2.tgz 2396ms (cache miss)
519 http fetch GET 200 https://registry.npmjs.org/glob-parent/-/glob-parent-5.1.2.tgz 2397ms (cache miss)
520 http fetch GET 200 https://registry.npmjs.org/picomatch/-/picomatch-2.3.1.tgz 2524ms (cache miss)
521 http fetch GET 200 https://registry.npmjs.org/sucrase/-/sucrase-3.35.1.tgz 3271ms (cache miss)
522 http fetch GET 200 https://registry.npmjs.org/jiti/-/jiti-1.21.7.tgz 4295ms (cache miss)
523 http fetch GET 200 https://registry.npmjs.org/tailwindcss/-/tailwindcss-3.4.19.tgz 4735ms (cache miss)
524 silly ADD node_modules/is-number
525 silly ADD node_modules/thenify
526 silly ADD node_modules/thenify-all
527 silly ADD node_modules/object-assign
528 silly ADD node_modules/any-promise
529 silly ADD node_modules/ts-interface-checker
530 silly ADD node_modules/pirates
531 silly ADD node_modules/mz
532 silly ADD node_modules/lines-and-columns
533 silly ADD node_modules/commander
534 silly ADD node_modules/queue-microtask
535 silly ADD node_modules/function-bind
536 silly ADD node_modules/hasown
537 silly ADD node_modules/supports-preserve-symlinks-flag
538 silly ADD node_modules/path-parse
539 silly ADD node_modules/is-core-module
540 silly ADD node_modules/pify
541 silly ADD node_modules/util-deprecate
542 silly ADD node_modules/cssesc
543 silly ADD node_modules/camelcase-css
544 silly ADD node_modules/read-cache
545 silly ADD node_modules/binary-extensions
546 silly ADD node_modules/to-regex-range
547 silly ADD node_modules/reusify
548 silly ADD node_modules/run-parallel
549 silly ADD node_modules/fastq
550 silly ADD node_modules/@nodelib/fs.scandir
551 silly ADD node_modules/merge2
552 silly ADD node_modules/@nodelib/fs.walk
553 silly ADD node_modules/@nodelib/fs.stat
554 silly ADD node_modules/fill-range
555 silly ADD node_modules/readdirp
556 silly ADD node_modules/readdirp/node_modules/picomatch
557 silly ADD node_modules/is-binary-path
558 silly ADD node_modules/braces
559 silly ADD node_modules/anymatch
560 silly ADD node_modules/anymatch/node_modules/picomatch
561 silly ADD node_modules/sucrase
562 silly ADD node_modules/resolve
563 silly ADD node_modules/postcss-selector-parser
564 silly ADD node_modules/postcss-nested
565 silly ADD node_modules/postcss-load-config
566 silly ADD node_modules/postcss-js
567 silly ADD node_modules/postcss-import
568 silly ADD node_modules/object-hash
569 silly ADD node_modules/normalize-path
570 silly ADD node_modules/micromatch
571 silly ADD node_modules/micromatch/node_modules/picomatch
572 silly ADD node_modules/lilconfig
573 silly ADD node_modules/jiti
574 silly ADD node_modules/fast-glob
575 silly ADD node_modules/fast-glob/node_modules/glob-parent
576 silly ADD node_modules/dlv
577 silly ADD node_modules/didyoumean
578 silly ADD node_modules/chokidar
579 silly ADD node_modules/chokidar/node_modules/glob-parent
580 silly ADD node_modules/arg
581 silly ADD node_modules/@alloc/quick-lru
582 silly CHANGE node_modules/tailwindcss
583 verbose cwd /Users/arnavgarg/Desktop/Projects/QR/qr-customizer
584 verbose os Darwin 25.0.0
585 verbose node v25.4.0
586 verbose npm  v11.7.0
587 verbose exit 0
588 info ok
