0 verbose cli /opt/homebrew/Cellar/node/25.4.0/bin/node /opt/homebrew/bin/npm
1 info using npm@11.7.0
2 info using node@v25.4.0
3 silly config load:file:/opt/homebrew/lib/node_modules/npm/npmrc
4 silly config load:file:/Users/arnavgarg/Desktop/Projects/QR/qr-customizer/.npmrc
5 silly config load:file:/Users/arnavgarg/.npmrc
6 silly config load:file:/opt/homebrew/etc/npmrc
7 verbose title npm install tailwindcss postcss autoprefixer
8 verbose argv "--cache" "../npm-cache" "install" "--save-dev" "tailwindcss" "postcss" "autoprefixer"
9 verbose logfile logs-max:10 dir:/Users/arnavgarg/Desktop/Projects/QR/npm-cache/_logs/2026-02-17T14_09_39_460Z-
10 verbose logfile /Users/arnavgarg/Desktop/Projects/QR/npm-cache/_logs/2026-02-17T14_09_39_460Z-debug-0.log
11 silly logfile done cleaning log files
12 silly packumentCache heap:4496293888 maxSize:1124073472 maxEntrySize:562036736
13 silly idealTree buildDeps
14 silly fetch manifest tailwindcss@*
15 silly packumentCache full:https://registry.npmjs.org/tailwindcss cache-miss
16 http fetch GET 200 https://registry.npmjs.org/tailwindcss 1504ms (cache miss)
17 silly packumentCache full:https://registry.npmjs.org/tailwindcss set size:undefined disposed:false
18 silly fetch manifest postcss@*
19 silly packumentCache full:https://registry.npmjs.org/postcss cache-miss
20 http cache https://registry.npmjs.org/postcss 6ms (cache hit)
21 silly packumentCache full:https://registry.npmjs.org/postcss set size:696248 disposed:false
22 silly fetch manifest autoprefixer@*
23 silly packumentCache full:https://registry.npmjs.org/autoprefixer cache-miss
24 http fetch GET 200 https://registry.npmjs.org/autoprefixer 199ms (cache miss)
25 silly packumentCache full:https://registry.npmjs.org/autoprefixer set size:undefined disposed:false
26 silly placeDep ROOT autoprefixer@10.4.24 OK for: qr-customizer@0.0.0 want: *
27 silly placeDep ROOT postcss@8.5.6 REPLACE for: qr-customizer@0.0.0 want: *
28 silly placeDep ROOT tailwindcss@4.1.18 OK for: qr-customizer@0.0.0 want: *
29 silly fetch manifest fraction.js@^5.3.4
30 silly packumentCache full:https://registry.npmjs.org/fraction.js cache-miss
31 silly fetch manifest postcss-value-parser@^4.2.0
32 silly packumentCache full:https://registry.npmjs.org/postcss-value-parser cache-miss
33 http fetch GET 200 https://registry.npmjs.org/fraction.js 132ms (cache miss)
34 silly packumentCache full:https://registry.npmjs.org/fraction.js set size:undefined disposed:false
35 http fetch GET 200 https://registry.npmjs.org/postcss-value-parser 461ms (cache miss)
36 silly packumentCache full:https://registry.npmjs.org/postcss-value-parser set size:undefined disposed:false
37 silly placeDep ROOT fraction.js@5.3.4 OK for: autoprefixer@10.4.24 want: ^5.3.4
38 silly placeDep ROOT postcss-value-parser@4.2.0 OK for: autoprefixer@10.4.24 want: ^4.2.0
39 silly reify moves {}
40 silly audit bulk request {
40 silly audit   '@babel/code-frame': [ '7.29.0' ],
40 silly audit   '@babel/compat-data': [ '7.29.0' ],
40 silly audit   '@babel/core': [ '7.29.0' ],
40 silly audit   '@babel/generator': [ '7.29.1' ],
40 silly audit   '@babel/helper-compilation-targets': [ '7.28.6' ],
40 silly audit   '@babel/helper-globals': [ '7.28.0' ],
40 silly audit   '@babel/helper-module-imports': [ '7.28.6' ],
40 silly audit   '@babel/helper-module-transforms': [ '7.28.6' ],
40 silly audit   '@babel/helper-plugin-utils': [ '7.28.6' ],
40 silly audit   '@babel/helper-string-parser': [ '7.27.1' ],
40 silly audit   '@babel/helper-validator-identifier': [ '7.28.5' ],
40 silly audit   '@babel/helper-validator-option': [ '7.27.1' ],
40 silly audit   '@babel/helpers': [ '7.28.6' ],
40 silly audit   '@babel/parser': [ '7.29.0' ],
40 silly audit   '@babel/plugin-transform-react-jsx-self': [ '7.27.1' ],
40 silly audit   '@babel/plugin-transform-react-jsx-source': [ '7.27.1' ],
40 silly audit   '@babel/template': [ '7.28.6' ],
40 silly audit   '@babel/traverse': [ '7.29.0' ],
40 silly audit   '@babel/types': [ '7.29.0' ],
40 silly audit   '@esbuild/aix-ppc64': [ '0.27.3' ],
40 silly audit   '@esbuild/android-arm': [ '0.27.3' ],
40 silly audit   '@esbuild/android-arm64': [ '0.27.3' ],
40 silly audit   '@esbuild/android-x64': [ '0.27.3' ],
40 silly audit   '@esbuild/darwin-arm64': [ '0.27.3' ],
40 silly audit   '@esbuild/darwin-x64': [ '0.27.3' ],
40 silly audit   '@esbuild/freebsd-arm64': [ '0.27.3' ],
40 silly audit   '@esbuild/freebsd-x64': [ '0.27.3' ],
40 silly audit   '@esbuild/linux-arm': [ '0.27.3' ],
40 silly audit   '@esbuild/linux-arm64': [ '0.27.3' ],
40 silly audit   '@esbuild/linux-ia32': [ '0.27.3' ],
40 silly audit   '@esbuild/linux-loong64': [ '0.27.3' ],
40 silly audit   '@esbuild/linux-mips64el': [ '0.27.3' ],
40 silly audit   '@esbuild/linux-ppc64': [ '0.27.3' ],
40 silly audit   '@esbuild/linux-riscv64': [ '0.27.3' ],
40 silly audit   '@esbuild/linux-s390x': [ '0.27.3' ],
40 silly audit   '@esbuild/linux-x64': [ '0.27.3' ],
40 silly audit   '@esbuild/netbsd-arm64': [ '0.27.3' ],
40 silly audit   '@esbuild/netbsd-x64': [ '0.27.3' ],
40 silly audit   '@esbuild/openbsd-arm64': [ '0.27.3' ],
40 silly audit   '@esbuild/openbsd-x64': [ '0.27.3' ],
40 silly audit   '@esbuild/openharmony-arm64': [ '0.27.3' ],
40 silly audit   '@esbuild/sunos-x64': [ '0.27.3' ],
40 silly audit   '@esbuild/win32-arm64': [ '0.27.3' ],
40 silly audit   '@esbuild/win32-ia32': [ '0.27.3' ],
40 silly audit   '@esbuild/win32-x64': [ '0.27.3' ],
40 silly audit   '@eslint-community/eslint-utils': [ '4.9.1' ],
40 silly audit   'eslint-visitor-keys': [ '3.4.3', '4.2.1' ],
40 silly audit   '@eslint-community/regexpp': [ '4.12.2' ],
40 silly audit   '@eslint/config-array': [ '0.21.1' ],
40 silly audit   '@eslint/config-helpers': [ '0.4.2' ],
40 silly audit   '@eslint/core': [ '0.17.0' ],
40 silly audit   '@eslint/eslintrc': [ '3.3.3' ],
40 silly audit   globals: [ '14.0.0', '16.5.0' ],
40 silly audit   '@eslint/js': [ '9.39.2' ],
40 silly audit   '@eslint/object-schema': [ '2.1.7' ],
40 silly audit   '@eslint/plugin-kit': [ '0.4.1' ],
40 silly audit   '@humanfs/core': [ '0.19.1' ],
40 silly audit   '@humanfs/node': [ '0.16.7' ],
40 silly audit   '@humanwhocodes/module-importer': [ '1.0.1' ],
40 silly audit   '@humanwhocodes/retry': [ '0.4.3' ],
40 silly audit   '@jridgewell/gen-mapping': [ '0.3.13' ],
40 silly audit   '@jridgewell/remapping': [ '2.3.5' ],
40 silly audit   '@jridgewell/resolve-uri': [ '3.1.2' ],
40 silly audit   '@jridgewell/sourcemap-codec': [ '1.5.5' ],
40 silly audit   '@jridgewell/trace-mapping': [ '0.3.31' ],
40 silly audit   '@rolldown/pluginutils': [ '1.0.0-rc.3' ],
40 silly audit   '@rollup/rollup-android-arm-eabi': [ '4.57.1' ],
40 silly audit   '@rollup/rollup-android-arm64': [ '4.57.1' ],
40 silly audit   '@rollup/rollup-darwin-arm64': [ '4.57.1' ],
40 silly audit   '@rollup/rollup-darwin-x64': [ '4.57.1' ],
40 silly audit   '@rollup/rollup-freebsd-arm64': [ '4.57.1' ],
40 silly audit   '@rollup/rollup-freebsd-x64': [ '4.57.1' ],
40 silly audit   '@rollup/rollup-linux-arm-gnueabihf': [ '4.57.1' ],
40 silly audit   '@rollup/rollup-linux-arm-musleabihf': [ '4.57.1' ],
40 silly audit   '@rollup/rollup-linux-arm64-gnu': [ '4.57.1' ],
40 silly audit   '@rollup/rollup-linux-arm64-musl': [ '4.57.1' ],
40 silly audit   '@rollup/rollup-linux-loong64-gnu': [ '4.57.1' ],
40 silly audit   '@rollup/rollup-linux-loong64-musl': [ '4.57.1' ],
40 silly audit   '@rollup/rollup-linux-ppc64-gnu': [ '4.57.1' ],
40 silly audit   '@rollup/rollup-linux-ppc64-musl': [ '4.57.1' ],
40 silly audit   '@rollup/rollup-linux-riscv64-gnu': [ '4.57.1' ],
40 silly audit   '@rollup/rollup-linux-riscv64-musl': [ '4.57.1' ],
40 silly audit   '@rollup/rollup-linux-s390x-gnu': [ '4.57.1' ],
40 silly audit   '@rollup/rollup-linux-x64-gnu': [ '4.57.1' ],
40 silly audit   '@rollup/rollup-linux-x64-musl': [ '4.57.1' ],
40 silly audit   '@rollup/rollup-openbsd-x64': [ '4.57.1' ],
40 silly audit   '@rollup/rollup-openharmony-arm64': [ '4.57.1' ],
40 silly audit   '@rollup/rollup-win32-arm64-msvc': [ '4.57.1' ],
40 silly audit   '@rollup/rollup-win32-ia32-msvc': [ '4.57.1' ],
40 silly audit   '@rollup/rollup-win32-x64-gnu': [ '4.57.1' ],
40 silly audit   '@rollup/rollup-win32-x64-msvc': [ '4.57.1' ],
40 silly audit   '@types/babel__core': [ '7.20.5' ],
40 silly audit   '@types/babel__generator': [ '7.27.0' ],
40 silly audit   '@types/babel__template': [ '7.4.4' ],
40 silly audit   '@types/babel__traverse': [ '7.28.0' ],
40 silly audit   '@types/estree': [ '1.0.8' ],
40 silly audit   '@types/json-schema': [ '7.0.15' ],
40 silly audit   '@types/react': [ '19.2.14' ],
40 silly audit   '@types/react-dom': [ '19.2.3' ],
40 silly audit   '@vitejs/plugin-react': [ '5.1.4' ],
40 silly audit   acorn: [ '8.15.0' ],
40 silly audit   'acorn-jsx': [ '5.3.2' ],
40 silly audit   ajv: [ '6.12.6' ],
40 silly audit   'ansi-styles': [ '4.3.0' ],
40 silly audit   argparse: [ '2.0.1' ],
40 silly audit   'balanced-match': [ '1.0.2' ],
40 silly audit   'baseline-browser-mapping': [ '2.9.19' ],
40 silly audit   'brace-expansion': [ '1.1.12' ],
40 silly audit   browserslist: [ '4.28.1' ],
40 silly audit   callsites: [ '3.1.0' ],
40 silly audit   'caniuse-lite': [ '1.0.30001770' ],
40 silly audit   chalk: [ '4.1.2' ],
40 silly audit   'color-convert': [ '2.0.1' ],
40 silly audit   'color-name': [ '1.1.4' ],
40 silly audit   'concat-map': [ '0.0.1' ],
40 silly audit   'convert-source-map': [ '2.0.0' ],
40 silly audit   'cross-spawn': [ '7.0.6' ],
40 silly audit   csstype: [ '3.2.3' ],
40 silly audit   debug: [ '4.4.3' ],
40 silly audit   'deep-is': [ '0.1.4' ],
40 silly audit   'electron-to-chromium': [ '1.5.286' ],
40 silly audit   esbuild: [ '0.27.3' ],
40 silly audit   escalade: [ '3.2.0' ],
40 silly audit   'escape-string-regexp': [ '4.0.0' ],
40 silly audit   eslint: [ '9.39.2' ],
40 silly audit   'eslint-plugin-react-hooks': [ '7.0.1' ],
40 silly audit   'eslint-plugin-react-refresh': [ '0.4.26' ],
40 silly audit   'eslint-scope': [ '8.4.0' ],
40 silly audit   espree: [ '10.4.0' ],
40 silly audit   esquery: [ '1.7.0' ],
40 silly audit   esrecurse: [ '4.3.0' ],
40 silly audit   estraverse: [ '5.3.0' ],
40 silly audit   esutils: [ '2.0.3' ],
40 silly audit   'fast-deep-equal': [ '3.1.3' ],
40 silly audit   'fast-json-stable-stringify': [ '2.1.0' ],
40 silly audit   'fast-levenshtein': [ '2.0.6' ],
40 silly audit   fdir: [ '6.5.0' ],
40 silly audit   'file-entry-cache': [ '8.0.0' ],
40 silly audit   'find-up': [ '5.0.0' ],
40 silly audit   'flat-cache': [ '4.0.1' ],
40 silly audit   flatted: [ '3.3.3' ],
40 silly audit   fsevents: [ '2.3.3' ],
40 silly audit   gensync: [ '1.0.0-beta.2' ],
40 silly audit   'glob-parent': [ '6.0.2' ],
40 silly audit   'has-flag': [ '4.0.0' ],
40 silly audit   'hermes-estree': [ '0.25.1' ],
40 silly audit   'hermes-parser': [ '0.25.1' ],
40 silly audit   ignore: [ '5.3.2' ],
40 silly audit   'import-fresh': [ '3.3.1' ],
40 silly audit   imurmurhash: [ '0.1.4' ],
40 silly audit   'is-extglob': [ '2.1.1' ],
40 silly audit   'is-glob': [ '4.0.3' ],
40 silly audit   isexe: [ '2.0.0' ],
40 silly audit   'js-tokens': [ '4.0.0' ],
40 silly audit   'js-yaml': [ '4.1.1' ],
40 silly audit   jsesc: [ '3.1.0' ],
40 silly audit   'json-buffer': [ '3.0.1' ],
40 silly audit   'json-schema-traverse': [ '0.4.1' ],
40 silly audit   'json-stable-stringify-without-jsonify': [ '1.0.1' ],
40 silly audit   json5: [ '2.2.3' ],
40 silly audit   keyv: [ '4.5.4' ],
40 silly audit   levn: [ '0.4.1' ],
40 silly audit   'locate-path': [ '6.0.0' ],
40 silly audit   'lodash.merge': [ '4.6.2' ],
40 silly audit   'lru-cache': [ '5.1.1' ],
40 silly audit   minimatch: [ '3.1.2' ],
40 silly audit   ms: [ '2.1.3' ],
40 silly audit   nanoid: [ '3.3.11' ],
40 silly audit   'natural-compare': [ '1.4.0' ],
40 silly audit   'node-releases': [ '2.0.27' ],
40 silly audit   optionator: [ '0.9.4' ],
40 silly audit   'p-limit': [ '3.1.0' ],
40 silly audit   'p-locate': [ '5.0.0' ],
40 silly audit   'parent-module': [ '1.0.1' ],
40 silly audit   'path-exists': [ '4.0.0' ],
40 silly audit   'path-key': [ '3.1.1' ],
40 silly audit   picocolors: [ '1.1.1' ],
40 silly audit   picomatch: [ '4.0.3' ],
40 silly audit   'prelude-ls': [ '1.2.1' ],
40 silly audit   punycode: [ '2.3.1' ],
40 silly audit   react: [ '19.2.4' ],
40 silly audit   'react-dom': [ '19.2.4' ],
40 silly audit   'react-refresh': [ '0.18.0' ],
40 silly audit   'resolve-from': [ '4.0.0' ],
40 silly audit   rollup: [ '4.57.1' ],
40 silly audit   scheduler: [ '0.27.0' ],
40 silly audit   semver: [ '6.3.1' ],
40 silly audit   'shebang-command': [ '2.0.0' ],
40 silly audit   'shebang-regex': [ '3.0.0' ],
40 silly audit   'source-map-js': [ '1.2.1' ],
40 silly audit   'strip-json-comments': [ '3.1.1' ],
40 silly audit   'supports-color': [ '7.2.0' ],
40 silly audit   tinyglobby: [ '0.2.15' ],
40 silly audit   'type-check': [ '0.4.0' ],
40 silly audit   'update-browserslist-db': [ '1.2.3' ],
40 silly audit   'uri-js': [ '4.4.1' ],
40 silly audit   vite: [ '7.3.1' ],
40 silly audit   which: [ '2.0.2' ],
40 silly audit   'word-wrap': [ '1.2.5' ],
40 silly audit   yallist: [ '3.1.1' ],
40 silly audit   'yocto-queue': [ '0.1.0' ],
40 silly audit   zod: [ '4.3.6' ],
40 silly audit   'zod-validation-error': [ '4.0.2' ],
40 silly audit   autoprefixer: [ '10.4.24' ],
40 silly audit   postcss: [ '8.5.6' ],
40 silly audit   tailwindcss: [ '4.1.18' ],
40 silly audit   'fraction.js': [ '5.3.4' ],
40 silly audit   'postcss-value-parser': [ '4.2.0' ]
40 silly audit }
41 http cache postcss-value-parser@https://registry.npmjs.org/postcss-value-parser/-/postcss-value-parser-4.2.0.tgz 0ms (cache hit)
42 http cache fraction.js@https://registry.npmjs.org/fraction.js/-/fraction.js-5.3.4.tgz 0ms (cache hit)
43 http cache tailwindcss@https://registry.npmjs.org/tailwindcss/-/tailwindcss-4.1.18.tgz 0ms (cache hit)
44 http cache autoprefixer@https://registry.npmjs.org/autoprefixer/-/autoprefixer-10.4.24.tgz 0ms (cache hit)
45 http cache fsevents@https://registry.npmjs.org/fsevents/-/fsevents-2.3.3.tgz 0ms (cache hit)
46 silly tarball no local data for postcss-value-parser@https://registry.npmjs.org/postcss-value-parser/-/postcss-value-parser-4.2.0.tgz. Extracting by manifest.
47 silly tarball no local data for fraction.js@https://registry.npmjs.org/fraction.js/-/fraction.js-5.3.4.tgz. Extracting by manifest.
48 silly tarball no local data for tailwindcss@https://registry.npmjs.org/tailwindcss/-/tailwindcss-4.1.18.tgz. Extracting by manifest.
49 silly tarball no local data for autoprefixer@https://registry.npmjs.org/autoprefixer/-/autoprefixer-10.4.24.tgz. Extracting by manifest.
50 http fetch GET 200 https://registry.npmjs.org/postcss-value-parser/-/postcss-value-parser-4.2.0.tgz 140ms (cache miss)
51 http fetch POST 200 https://registry.npmjs.org/-/npm/v1/security/advisories/bulk 402ms
52 silly audit report {}
53 http fetch GET 200 https://registry.npmjs.org/fraction.js/-/fraction.js-5.3.4.tgz 405ms (cache miss)
54 http fetch GET 200 https://registry.npmjs.org/autoprefixer/-/autoprefixer-10.4.24.tgz 531ms (cache miss)
55 http fetch GET 200 https://registry.npmjs.org/tailwindcss/-/tailwindcss-4.1.18.tgz 624ms (cache miss)
56 silly ADD node_modules/postcss-value-parser
57 silly ADD node_modules/fraction.js
58 silly ADD node_modules/tailwindcss
59 silly ADD node_modules/autoprefixer
60 silly ADD node_modules/fsevents
61 verbose cwd /Users/arnavgarg/Desktop/Projects/QR/qr-customizer
62 verbose os Darwin 25.0.0
63 verbose node v25.4.0
64 verbose npm  v11.7.0
65 verbose exit 0
66 info ok
