0 verbose cli /opt/homebrew/Cellar/node/25.4.0/bin/node /opt/homebrew/bin/npm
1 info using npm@11.7.0
2 info using node@v25.4.0
3 silly config load:file:/opt/homebrew/lib/node_modules/npm/npmrc
4 silly config load:file:/Users/arnavgarg/Desktop/Projects/QR/.npmrc
5 silly config load:file:/Users/arnavgarg/.npmrc
6 silly config load:file:/opt/homebrew/etc/npmrc
7 verbose title npm create vite@latest qr-customizer --template react
8 verbose argv "--cache" "./npm-cache" "create" "vite@latest" "qr-customizer" "--" "--template" "react"
9 verbose logfile logs-max:10 dir:/Users/arnavgarg/Desktop/Projects/QR/npm-cache/_logs/2026-02-17T14_06_15_800Z-
10 verbose logfile /Users/arnavgarg/Desktop/Projects/QR/npm-cache/_logs/2026-02-17T14_06_15_800Z-debug-0.log
11 silly logfile done cleaning log files
12 silly packumentCache heap:4496293888 maxSize:1124073472 maxEntrySize:562036736
13 http fetch GET 200 https://registry.npmjs.org/create-vite 744ms (cache miss)
14 silly packumentCache heap:4496293888 maxSize:1124073472 maxEntrySize:562036736
15 http fetch GET 200 https://registry.npmjs.org/npm 1126ms
16 silly idealTree buildDeps
17 silly fetch manifest create-vite@8.3.0
18 silly packumentCache full:https://registry.npmjs.org/create-vite cache-miss
19 http fetch GET 200 https://registry.npmjs.org/create-vite 276ms (cache miss)
20 silly packumentCache full:https://registry.npmjs.org/create-vite set size:undefined disposed:false
21 silly placeDep ROOT create-vite@8.3.0 OK for:  want: 8.3.0
22 silly reify moves {}
23 silly audit bulk request { 'create-vite': [ '8.3.0' ] }
24 http cache create-vite@https://registry.npmjs.org/create-vite/-/create-vite-8.3.0.tgz 0ms (cache hit)
25 silly tarball no local data for create-vite@https://registry.npmjs.org/create-vite/-/create-vite-8.3.0.tgz. Extracting by manifest.
26 http fetch POST 200 https://registry.npmjs.org/-/npm/v1/security/advisories/bulk 442ms
27 silly audit report {}
28 http fetch GET 200 https://registry.npmjs.org/create-vite/-/create-vite-8.3.0.tgz 449ms (cache miss)
29 verbose cwd /Users/arnavgarg/Desktop/Projects/QR
30 verbose os Darwin 25.0.0
31 verbose node v25.4.0
32 verbose npm  v11.7.0
33 notice
33 notice New minor version of npm available! 11.7.0 -> 11.10.0
33 notice Changelog: https://github.com/npm/cli/releases/tag/v11.10.0
33 notice To update run: npm install -g npm@11.10.0
33 notice  { force: true, Symbol(proc-log.meta): true }
34 verbose exit 0
35 info ok
